{"/home/travis/build/npmtest/node-npmtest-image-resizer/test.js":{"path":"/home/travis/build/npmtest/node-npmtest-image-resizer/test.js","s":{"1":2,"2":2,"3":2,"4":2,"5":2,"6":2,"7":2,"8":1,"9":2,"10":2,"11":1,"12":1,"13":1,"14":1,"15":2,"16":2,"17":2,"18":2,"19":1,"20":1,"21":2,"22":2,"23":2,"24":1,"25":1,"26":1,"27":1,"28":1,"29":1,"30":1,"31":1,"32":1,"33":1,"34":1,"35":1,"36":1,"37":1,"38":1,"39":2,"40":2,"41":1,"42":2,"43":2,"44":1,"45":2,"46":2,"47":1,"48":2,"49":2,"50":1,"51":1,"52":1,"53":1,"54":1},"b":{"1":[2,1,1,1],"2":[1,1,1,1],"3":[1,1],"4":[1,1],"5":[1,1],"6":[1,1],"7":[1,1],"8":[1,1],"9":[1,1],"10":[1,1,1],"11":[1,1],"12":[1,1],"13":[1,1],"14":[1,1],"15":[1,1],"16":[1,1],"17":[1,1]},"f":{"1":2,"2":2,"3":2,"4":2,"5":2,"6":1,"7":1,"8":1,"9":2,"10":2,"11":2,"12":2,"13":1},"fnMap":{"1":{"name":"(anonymous_1)","line":12,"loc":{"start":{"line":12,"column":1},"end":{"line":12,"column":13}}},"2":{"name":"(anonymous_2)","line":19,"loc":{"start":{"line":19,"column":5},"end":{"line":19,"column":17}}},"3":{"name":"(anonymous_3)","line":23,"loc":{"start":{"line":23,"column":24},"end":{"line":23,"column":36}}},"4":{"name":"(anonymous_4)","line":61,"loc":{"start":{"line":61,"column":5},"end":{"line":61,"column":17}}},"5":{"name":"(anonymous_5)","line":82,"loc":{"start":{"line":82,"column":5},"end":{"line":82,"column":17}}},"6":{"name":"(anonymous_6)","line":91,"loc":{"start":{"line":91,"column":77},"end":{"line":94,"column":10}}},"7":{"name":"(anonymous_7)","line":112,"loc":{"start":{"line":112,"column":83},"end":{"line":115,"column":10}},"skip":true},"8":{"name":"(anonymous_8)","line":123,"loc":{"start":{"line":123,"column":77},"end":{"line":126,"column":10}},"skip":true},"9":{"name":"(anonymous_9)","line":139,"loc":{"start":{"line":139,"column":12},"end":{"line":139,"column":40}},"skip":true},"10":{"name":"(anonymous_10)","line":147,"loc":{"start":{"line":147,"column":77},"end":{"line":150,"column":10}},"skip":true},"11":{"name":"(anonymous_11)","line":158,"loc":{"start":{"line":158,"column":83},"end":{"line":161,"column":10}},"skip":true},"12":{"name":"(anonymous_12)","line":169,"loc":{"start":{"line":169,"column":79},"end":{"line":172,"column":10}},"skip":true},"13":{"name":"(anonymous_13)","line":180,"loc":{"start":{"line":180,"column":75},"end":{"line":183,"column":10}},"skip":true}},"statementMap":{"1":{"start":{"line":12,"column":0},"end":{"line":195,"column":5}},"2":{"start":{"line":14,"column":4},"end":{"line":14,"column":14}},"3":{"start":{"line":19,"column":4},"end":{"line":56,"column":9}},"4":{"start":{"line":21,"column":8},"end":{"line":21,"column":19}},"5":{"start":{"line":23,"column":8},"end":{"line":35,"column":13}},"6":{"start":{"line":24,"column":12},"end":{"line":34,"column":13}},"7":{"start":{"line":25,"column":16},"end":{"line":28,"column":30}},"8":{"start":{"line":30,"column":16},"end":{"line":33,"column":27}},"9":{"start":{"line":37,"column":8},"end":{"line":39,"column":21}},"10":{"start":{"line":40,"column":8},"end":{"line":53,"column":9}},"11":{"start":{"line":43,"column":12},"end":{"line":46,"column":14}},"12":{"start":{"line":47,"column":12},"end":{"line":47,"column":18}},"13":{"start":{"line":50,"column":12},"end":{"line":51,"column":33}},"14":{"start":{"line":52,"column":12},"end":{"line":52,"column":18}},"15":{"start":{"line":55,"column":8},"end":{"line":55,"column":35}},"16":{"start":{"line":61,"column":4},"end":{"line":63,"column":9}},"17":{"start":{"line":62,"column":8},"end":{"line":62,"column":15}},"18":{"start":{"line":64,"column":4},"end":{"line":77,"column":5}},"19":{"start":{"line":70,"column":8},"end":{"line":70,"column":14}},"20":{"start":{"line":76,"column":8},"end":{"line":76,"column":14}},"21":{"start":{"line":82,"column":4},"end":{"line":84,"column":9}},"22":{"start":{"line":83,"column":8},"end":{"line":83,"column":15}},"23":{"start":{"line":85,"column":4},"end":{"line":194,"column":5}},"24":{"start":{"line":91,"column":8},"end":{"line":99,"column":10}},"25":{"start":{"line":98,"column":12},"end":{"line":98,"column":35}},"26":{"start":{"line":102,"column":8},"end":{"line":104,"column":63}},"27":{"start":{"line":105,"column":8},"end":{"line":105,"column":14}},"28":{"start":{"line":112,"column":8},"end":{"line":121,"column":10},"skip":true},"29":{"start":{"line":119,"column":12},"end":{"line":119,"column":55},"skip":true},"30":{"start":{"line":120,"column":12},"end":{"line":120,"column":48},"skip":true},"31":{"start":{"line":123,"column":8},"end":{"line":136,"column":10},"skip":true},"32":{"start":{"line":130,"column":12},"end":{"line":130,"column":76},"skip":true},"33":{"start":{"line":131,"column":12},"end":{"line":131,"column":73},"skip":true},"34":{"start":{"line":132,"column":12},"end":{"line":132,"column":74},"skip":true},"35":{"start":{"line":133,"column":12},"end":{"line":133,"column":79},"skip":true},"36":{"start":{"line":134,"column":12},"end":{"line":134,"column":25},"skip":true},"37":{"start":{"line":135,"column":12},"end":{"line":135,"column":45},"skip":true},"38":{"start":{"line":138,"column":8},"end":{"line":145,"column":14},"skip":true},"39":{"start":{"line":143,"column":16},"end":{"line":143,"column":29},"skip":true},"40":{"start":{"line":144,"column":16},"end":{"line":144,"column":55},"skip":true},"41":{"start":{"line":147,"column":8},"end":{"line":156,"column":10},"skip":true},"42":{"start":{"line":154,"column":12},"end":{"line":154,"column":25},"skip":true},"43":{"start":{"line":155,"column":12},"end":{"line":155,"column":45},"skip":true},"44":{"start":{"line":158,"column":8},"end":{"line":167,"column":10},"skip":true},"45":{"start":{"line":165,"column":12},"end":{"line":165,"column":25},"skip":true},"46":{"start":{"line":166,"column":12},"end":{"line":166,"column":48},"skip":true},"47":{"start":{"line":169,"column":8},"end":{"line":178,"column":10},"skip":true},"48":{"start":{"line":176,"column":12},"end":{"line":176,"column":25},"skip":true},"49":{"start":{"line":177,"column":12},"end":{"line":177,"column":46},"skip":true},"50":{"start":{"line":180,"column":8},"end":{"line":189,"column":10},"skip":true},"51":{"start":{"line":187,"column":12},"end":{"line":187,"column":94},"skip":true},"52":{"start":{"line":188,"column":12},"end":{"line":188,"column":48},"skip":true},"53":{"start":{"line":192,"column":8},"end":{"line":192,"column":35},"skip":true},"54":{"start":{"line":193,"column":8},"end":{"line":193,"column":14},"skip":true}},"branchMap":{"1":{"line":25,"type":"binary-expr","locations":[{"start":{"line":25,"column":23},"end":{"line":25,"column":62}},{"start":{"line":26,"column":20},"end":{"line":26,"column":70}},{"start":{"line":27,"column":20},"end":{"line":27,"column":71}},{"start":{"line":28,"column":20},"end":{"line":28,"column":29}}]},"2":{"line":30,"type":"binary-expr","locations":[{"start":{"line":30,"column":23},"end":{"line":30,"column":37}},{"start":{"line":31,"column":20},"end":{"line":31,"column":61}},{"start":{"line":32,"column":20},"end":{"line":32,"column":70}},{"start":{"line":33,"column":20},"end":{"line":33,"column":26}}]},"3":{"line":37,"type":"cond-expr","locations":[{"start":{"line":38,"column":14},"end":{"line":38,"column":20}},{"start":{"line":39,"column":14},"end":{"line":39,"column":20}}]},"4":{"line":40,"type":"switch","locations":[{"start":{"line":42,"column":8},"end":{"line":47,"column":18}},{"start":{"line":49,"column":8},"end":{"line":52,"column":18}}]},"5":{"line":44,"type":"binary-expr","locations":[{"start":{"line":44,"column":16},"end":{"line":44,"column":44}},{"start":{"line":44,"column":48},"end":{"line":44,"column":66}}]},"6":{"line":50,"type":"binary-expr","locations":[{"start":{"line":50,"column":21},"end":{"line":50,"column":49}},{"start":{"line":50,"column":53},"end":{"line":50,"column":72}}]},"7":{"line":64,"type":"switch","locations":[{"start":{"line":69,"column":4},"end":{"line":70,"column":14}},{"start":{"line":75,"column":4},"end":{"line":76,"column":14}}]},"8":{"line":85,"type":"switch","locations":[{"start":{"line":90,"column":4},"end":{"line":105,"column":14}},{"start":{"line":111,"column":4},"end":{"line":193,"column":14},"skip":true}]},"9":{"line":91,"type":"binary-expr","locations":[{"start":{"line":91,"column":42},"end":{"line":91,"column":73}},{"start":{"line":91,"column":77},"end":{"line":99,"column":9}}]},"10":{"line":102,"type":"binary-expr","locations":[{"start":{"line":102,"column":18},"end":{"line":102,"column":32}},{"start":{"line":103,"column":12},"end":{"line":103,"column":53}},{"start":{"line":104,"column":12},"end":{"line":104,"column":61}}]},"11":{"line":112,"type":"binary-expr","locations":[{"start":{"line":112,"column":45},"end":{"line":112,"column":79},"skip":true},{"start":{"line":112,"column":83},"end":{"line":121,"column":9},"skip":true}]},"12":{"line":123,"type":"binary-expr","locations":[{"start":{"line":123,"column":42},"end":{"line":123,"column":73},"skip":true},{"start":{"line":123,"column":77},"end":{"line":136,"column":9},"skip":true}]},"13":{"line":138,"type":"binary-expr","locations":[{"start":{"line":138,"column":48},"end":{"line":138,"column":85},"skip":true},{"start":{"line":139,"column":12},"end":{"line":145,"column":13},"skip":true}]},"14":{"line":147,"type":"binary-expr","locations":[{"start":{"line":147,"column":42},"end":{"line":147,"column":73},"skip":true},{"start":{"line":147,"column":77},"end":{"line":156,"column":9},"skip":true}]},"15":{"line":158,"type":"binary-expr","locations":[{"start":{"line":158,"column":45},"end":{"line":158,"column":79},"skip":true},{"start":{"line":158,"column":83},"end":{"line":167,"column":9},"skip":true}]},"16":{"line":169,"type":"binary-expr","locations":[{"start":{"line":169,"column":43},"end":{"line":169,"column":75},"skip":true},{"start":{"line":169,"column":79},"end":{"line":178,"column":9},"skip":true}]},"17":{"line":180,"type":"binary-expr","locations":[{"start":{"line":180,"column":41},"end":{"line":180,"column":71},"skip":true},{"start":{"line":180,"column":75},"end":{"line":189,"column":9},"skip":true}]}},"code":["/* istanbul instrument in package npmtest_image_resizer */","/*jslint","    bitwise: true,","    browser: true,","    maxerr: 8,","    maxlen: 96,","    node: true,","    nomen: true,","    regexp: true,","    stupid: true","*/","(function () {","    'use strict';","    var local;","","","","    // run shared js-env code - pre-init","    (function () {","        // init local","        local = {};","        // init modeJs","        local.modeJs = (function () {","            try {","                return typeof navigator.userAgent === 'string' &&","                    typeof document.querySelector('body') === 'object' &&","                    typeof XMLHttpRequest.prototype.open === 'function' &&","                    'browser';","            } catch (errorCaughtBrowser) {","                return module.exports &&","                    typeof process.versions.node === 'string' &&","                    typeof require('http').createServer === 'function' &&","                    'node';","            }","        }());","        // init global","        local.global = local.modeJs === 'browser'","            ? window","            : global;","        switch (local.modeJs) {","        // re-init local from window.local","        case 'browser':","            local = local.global.utility2.objectSetDefault(","                local.global.utility2_rollup || local.global.local,","                local.global.utility2","            );","            break;","        // re-init local from example.js","        case 'node':","            local = (local.global.utility2_rollup || require('utility2'))","                .requireReadme();","            break;","        }","        // export local","        local.global.local = local;","    }());","","","","    // run shared js-env code - function","    (function () {","        return;","    }());","    switch (local.modeJs) {","","","","    // run browser js-env code - function","    case 'browser':","        break;","","","","    // run node js-env code - function","    case 'node':","        break;","    }","","","","    // run shared js-env code - post-init","    (function () {","        return;","    }());","    switch (local.modeJs) {","","","","    // run browser js-env code - post-init","    case 'browser':","        local.testCase_browser_nullCase = local.testCase_browser_nullCase || function (","            options,","            onError","        ) {","        /*","         * this function will test browsers's null-case handling-behavior-behavior","         */","            onError(null, options);","        };","","        // run tests","        local.nop(local.modeTest &&","            document.querySelector('#testRunButton1') &&","            document.querySelector('#testRunButton1').click());","        break;","","","","    // run node js-env code - post-init","    /* istanbul ignore next */","    case 'node':","        local.testCase_buildApidoc_default = local.testCase_buildApidoc_default || function (","            options,","            onError","        ) {","        /*","         * this function will test buildApidoc's default handling-behavior-behavior","         */","            options = { modulePathList: module.paths };","            local.buildApidoc(options, onError);","        };","","        local.testCase_buildApp_default = local.testCase_buildApp_default || function (","            options,","            onError","        ) {","        /*","         * this function will test buildApp's default handling-behavior-behavior","         */","            local.testCase_buildReadme_default(options, local.onErrorThrow);","            local.testCase_buildLib_default(options, local.onErrorThrow);","            local.testCase_buildTest_default(options, local.onErrorThrow);","            local.testCase_buildCustomOrg_default(options, local.onErrorThrow);","            options = [];","            local.buildApp(options, onError);","        };","","        local.testCase_buildCustomOrg_default = local.testCase_buildCustomOrg_default ||","            function (options, onError) {","            /*","             * this function will test buildCustomOrg's default handling-behavior","             */","                options = {};","                local.buildCustomOrg(options, onError);","            };","","        local.testCase_buildLib_default = local.testCase_buildLib_default || function (","            options,","            onError","        ) {","        /*","         * this function will test buildLib's default handling-behavior","         */","            options = {};","            local.buildLib(options, onError);","        };","","        local.testCase_buildReadme_default = local.testCase_buildReadme_default || function (","            options,","            onError","        ) {","        /*","         * this function will test buildReadme's default handling-behavior-behavior","         */","            options = {};","            local.buildReadme(options, onError);","        };","","        local.testCase_buildTest_default = local.testCase_buildTest_default || function (","            options,","            onError","        ) {","        /*","         * this function will test buildTest's default handling-behavior","         */","            options = {};","            local.buildTest(options, onError);","        };","","        local.testCase_webpage_default = local.testCase_webpage_default || function (","            options,","            onError","        ) {","        /*","         * this function will test webpage's default handling-behavior","         */","            options = { modeCoverageMerge: true, url: local.serverLocalHost + '?modeTest=1' };","            local.browserTest(options, onError);","        };","","        // run test-server","        local.testRunServer(local);","        break;","    }","}());",""],"l":{"12":2,"14":2,"19":2,"21":2,"23":2,"24":2,"25":2,"30":1,"37":2,"40":2,"43":1,"47":1,"50":1,"52":1,"55":2,"61":2,"62":2,"64":2,"70":1,"76":1,"82":2,"83":2,"85":2,"91":1,"98":1,"102":1,"105":1,"112":1,"119":1,"120":1,"123":1,"130":1,"131":1,"132":1,"133":1,"134":1,"135":1,"138":1,"143":2,"144":2,"147":1,"154":2,"155":2,"158":1,"165":2,"166":2,"169":1,"176":2,"177":2,"180":1,"187":1,"188":1,"192":1,"193":1}},"/home/travis/build/npmtest/node-npmtest-image-resizer/lib.npmtest_image_resizer.js":{"path":"/home/travis/build/npmtest/node-npmtest-image-resizer/lib.npmtest_image_resizer.js","s":{"1":2,"2":2,"3":2,"4":2,"5":2,"6":2,"7":2,"8":1,"9":2,"10":2,"11":2,"12":2,"13":1,"14":1,"15":1,"16":1},"b":{"1":[2,1,1,1],"2":[1,1,1,1],"3":[1,1],"4":[2,2],"5":[1,1]},"f":{"1":2,"2":2,"3":2},"fnMap":{"1":{"name":"(anonymous_1)","line":12,"loc":{"start":{"line":12,"column":1},"end":{"line":12,"column":13}}},"2":{"name":"(anonymous_2)","line":19,"loc":{"start":{"line":19,"column":5},"end":{"line":19,"column":17}}},"3":{"name":"(anonymous_3)","line":23,"loc":{"start":{"line":23,"column":24},"end":{"line":23,"column":36}}}},"statementMap":{"1":{"start":{"line":12,"column":0},"end":{"line":53,"column":5}},"2":{"start":{"line":14,"column":4},"end":{"line":14,"column":14}},"3":{"start":{"line":19,"column":4},"end":{"line":52,"column":9}},"4":{"start":{"line":21,"column":8},"end":{"line":21,"column":19}},"5":{"start":{"line":23,"column":8},"end":{"line":35,"column":13}},"6":{"start":{"line":24,"column":12},"end":{"line":34,"column":13}},"7":{"start":{"line":25,"column":16},"end":{"line":28,"column":30}},"8":{"start":{"line":30,"column":16},"end":{"line":33,"column":27}},"9":{"start":{"line":37,"column":8},"end":{"line":39,"column":21}},"10":{"start":{"line":41,"column":8},"end":{"line":41,"column":54}},"11":{"start":{"line":43,"column":8},"end":{"line":43,"column":58}},"12":{"start":{"line":45,"column":8},"end":{"line":51,"column":9}},"13":{"start":{"line":46,"column":12},"end":{"line":46,"column":64}},"14":{"start":{"line":48,"column":12},"end":{"line":48,"column":35}},"15":{"start":{"line":49,"column":12},"end":{"line":49,"column":49}},"16":{"start":{"line":50,"column":12},"end":{"line":50,"column":43}}},"branchMap":{"1":{"line":25,"type":"binary-expr","locations":[{"start":{"line":25,"column":23},"end":{"line":25,"column":62}},{"start":{"line":26,"column":20},"end":{"line":26,"column":70}},{"start":{"line":27,"column":20},"end":{"line":27,"column":71}},{"start":{"line":28,"column":20},"end":{"line":28,"column":29}}]},"2":{"line":30,"type":"binary-expr","locations":[{"start":{"line":30,"column":23},"end":{"line":30,"column":37}},{"start":{"line":31,"column":20},"end":{"line":31,"column":61}},{"start":{"line":32,"column":20},"end":{"line":32,"column":70}},{"start":{"line":33,"column":20},"end":{"line":33,"column":26}}]},"3":{"line":37,"type":"cond-expr","locations":[{"start":{"line":38,"column":14},"end":{"line":38,"column":20}},{"start":{"line":39,"column":14},"end":{"line":39,"column":20}}]},"4":{"line":41,"type":"binary-expr","locations":[{"start":{"line":41,"column":16},"end":{"line":41,"column":44}},{"start":{"line":41,"column":48},"end":{"line":41,"column":53}}]},"5":{"line":45,"type":"if","locations":[{"start":{"line":45,"column":8},"end":{"line":45,"column":8}},{"start":{"line":45,"column":8},"end":{"line":45,"column":8}}]}},"code":["/* istanbul instrument in package npmtest_image_resizer */","/*jslint","    bitwise: true,","    browser: true,","    maxerr: 8,","    maxlen: 96,","    node: true,","    nomen: true,","    regexp: true,","    stupid: true","*/","(function () {","    'use strict';","    var local;","","","","    // run shared js-env code - pre-init","    (function () {","        // init local","        local = {};","        // init modeJs","        local.modeJs = (function () {","            try {","                return typeof navigator.userAgent === 'string' &&","                    typeof document.querySelector('body') === 'object' &&","                    typeof XMLHttpRequest.prototype.open === 'function' &&","                    'browser';","            } catch (errorCaughtBrowser) {","                return module.exports &&","                    typeof process.versions.node === 'string' &&","                    typeof require('http').createServer === 'function' &&","                    'node';","            }","        }());","        // init global","        local.global = local.modeJs === 'browser'","            ? window","            : global;","        // init utility2_rollup","        local = local.global.utility2_rollup || local;","        // init lib","        local.local = local.npmtest_image_resizer = local;","        // init exports","        if (local.modeJs === 'browser') {","            local.global.utility2_npmtest_image_resizer = local;","        } else {","            module.exports = local;","            module.exports.__dirname = __dirname;","            module.exports.module = module;","        }","    }());","}());",""],"l":{"12":2,"14":2,"19":2,"21":2,"23":2,"24":2,"25":2,"30":1,"37":2,"41":2,"43":2,"45":2,"46":1,"48":1,"49":1,"50":1}},"/home/travis/build/npmtest/node-npmtest-image-resizer/example.js":{"path":"/home/travis/build/npmtest/node-npmtest-image-resizer/example.js","s":{"1":2,"2":2,"3":2,"4":2,"5":2,"6":2,"7":2,"8":1,"9":2,"10":2,"11":2,"12":2,"13":1,"14":2,"15":2,"16":2,"17":2,"18":2,"19":0,"20":2,"21":1,"22":1,"23":1,"24":1,"25":1,"26":0,"27":0,"28":1,"29":1,"30":2,"31":0,"32":0,"33":0,"34":1,"35":2,"36":2,"37":3,"38":3,"39":3,"40":3,"41":0,"42":3,"43":3,"44":3,"45":1,"46":3,"47":1,"48":1,"49":1,"50":1,"51":1,"52":1,"53":1,"54":1,"55":1,"56":1,"57":0,"58":1,"59":6,"60":6,"61":1,"62":2,"63":0,"64":2,"65":1,"66":1,"67":0,"68":0,"69":0,"70":0,"71":0,"72":0,"73":0,"74":0,"75":0,"76":0,"77":0,"78":0,"79":0,"80":0,"81":0,"82":0,"83":0},"b":{"1":[2,1,1,1],"2":[1,1,1,1],"3":[1,1],"4":[2,2],"5":[1,1],"6":[1,1],"7":[2,0],"8":[2,1,1,1,1,1],"9":[0,2,0],"10":[1,1],"11":[2,1,1],"12":[1,0],"13":[0,2],"14":[2,0,0,0,0,0,0],"15":[0,3],"16":[3,0],"17":[1,1],"18":[0,1],"19":[1,2,0,2],"20":[1,0],"21":[1,1],"22":[0,0],"23":[0,0],"24":[0,0],"25":[0,0],"26":[0,0],"27":[0,0],"28":[0,0]},"f":{"1":2,"2":2,"3":2,"4":2,"5":2,"6":2,"7":3,"8":3,"9":3,"10":1,"11":6,"12":0},"fnMap":{"1":{"name":"(anonymous_1)","line":26,"loc":{"start":{"line":26,"column":1},"end":{"line":26,"column":13}}},"2":{"name":"(anonymous_2)","line":33,"loc":{"start":{"line":33,"column":5},"end":{"line":33,"column":17}}},"3":{"name":"(anonymous_3)","line":37,"loc":{"start":{"line":37,"column":24},"end":{"line":37,"column":36}}},"4":{"name":"(anonymous_4)","line":69,"loc":{"start":{"line":69,"column":31},"end":{"line":69,"column":48}},"skip":true},"5":{"name":"(anonymous_5)","line":78,"loc":{"start":{"line":78,"column":26},"end":{"line":78,"column":45}},"skip":true},"6":{"name":"(anonymous_6)","line":123,"loc":{"start":{"line":123,"column":33},"end":{"line":123,"column":48}},"skip":true},"7":{"name":"(anonymous_7)","line":125,"loc":{"start":{"line":125,"column":27},"end":{"line":125,"column":39}},"skip":true},"8":{"name":"(anonymous_8)","line":133,"loc":{"start":{"line":133,"column":59},"end":{"line":133,"column":74}},"skip":true},"9":{"name":"(anonymous_9)","line":143,"loc":{"start":{"line":143,"column":45},"end":{"line":143,"column":62}},"skip":true},"10":{"name":"(anonymous_10)","line":144,"loc":{"start":{"line":144,"column":73},"end":{"line":144,"column":92}},"skip":true},"11":{"name":"(anonymous_11)","line":272,"loc":{"start":{"line":272,"column":51},"end":{"line":272,"column":77}},"skip":true},"12":{"name":"(anonymous_12)","line":315,"loc":{"start":{"line":315,"column":32},"end":{"line":315,"column":61}},"skip":true}},"statementMap":{"1":{"start":{"line":26,"column":0},"end":{"line":326,"column":5}},"2":{"start":{"line":28,"column":4},"end":{"line":28,"column":14}},"3":{"start":{"line":33,"column":4},"end":{"line":60,"column":9}},"4":{"start":{"line":35,"column":8},"end":{"line":35,"column":19}},"5":{"start":{"line":37,"column":8},"end":{"line":49,"column":13}},"6":{"start":{"line":38,"column":12},"end":{"line":48,"column":13}},"7":{"start":{"line":39,"column":16},"end":{"line":42,"column":30}},"8":{"start":{"line":44,"column":16},"end":{"line":47,"column":27}},"9":{"start":{"line":51,"column":8},"end":{"line":53,"column":21}},"10":{"start":{"line":55,"column":8},"end":{"line":57,"column":45}},"11":{"start":{"line":59,"column":8},"end":{"line":59,"column":35}},"12":{"start":{"line":61,"column":4},"end":{"line":325,"column":5}},"13":{"start":{"line":69,"column":8},"end":{"line":121,"column":10},"skip":true},"14":{"start":{"line":70,"column":12},"end":{"line":88,"column":13},"skip":true},"15":{"start":{"line":76,"column":16},"end":{"line":87,"column":19},"skip":true},"16":{"start":{"line":79,"column":20},"end":{"line":86,"column":21},"skip":true},"17":{"start":{"line":82,"column":24},"end":{"line":82,"column":43},"skip":true},"18":{"start":{"line":83,"column":24},"end":{"line":83,"column":30},"skip":true},"19":{"start":{"line":85,"column":24},"end":{"line":85,"column":49},"skip":true},"20":{"start":{"line":89,"column":12},"end":{"line":107,"column":13},"skip":true},"21":{"start":{"line":92,"column":16},"end":{"line":102,"column":17},"skip":true},"22":{"start":{"line":93,"column":20},"end":{"line":93,"column":86},"skip":true},"23":{"start":{"line":94,"column":20},"end":{"line":95,"column":45},"skip":true},"24":{"start":{"line":96,"column":20},"end":{"line":96,"column":42},"skip":true},"25":{"start":{"line":97,"column":20},"end":{"line":97,"column":48},"skip":true},"26":{"start":{"line":100,"column":20},"end":{"line":100,"column":85},"skip":true},"27":{"start":{"line":101,"column":20},"end":{"line":101,"column":96},"skip":true},"28":{"start":{"line":103,"column":16},"end":{"line":103,"column":22},"skip":true},"29":{"start":{"line":106,"column":16},"end":{"line":106,"column":22},"skip":true},"30":{"start":{"line":108,"column":12},"end":{"line":120,"column":13},"skip":true},"31":{"start":{"line":114,"column":16},"end":{"line":119,"column":17},"skip":true},"32":{"start":{"line":116,"column":20},"end":{"line":116,"column":78},"skip":true},"33":{"start":{"line":118,"column":20},"end":{"line":118,"column":47},"skip":true},"34":{"start":{"line":123,"column":8},"end":{"line":141,"column":11},"skip":true},"35":{"start":{"line":124,"column":12},"end":{"line":124,"column":54},"skip":true},"36":{"start":{"line":125,"column":12},"end":{"line":140,"column":14},"skip":true},"37":{"start":{"line":126,"column":16},"end":{"line":126,"column":28},"skip":true},"38":{"start":{"line":127,"column":16},"end":{"line":127,"column":69},"skip":true},"39":{"start":{"line":128,"column":16},"end":{"line":128,"column":75},"skip":true},"40":{"start":{"line":129,"column":16},"end":{"line":131,"column":17},"skip":true},"41":{"start":{"line":130,"column":20},"end":{"line":130,"column":27},"skip":true},"42":{"start":{"line":133,"column":16},"end":{"line":137,"column":36},"skip":true},"43":{"start":{"line":134,"column":20},"end":{"line":136,"column":55},"skip":true},"44":{"start":{"line":139,"column":16},"end":{"line":139,"column":57},"skip":true},"45":{"start":{"line":143,"column":8},"end":{"line":147,"column":11},"skip":true},"46":{"start":{"line":144,"column":12},"end":{"line":146,"column":15},"skip":true},"47":{"start":{"line":145,"column":16},"end":{"line":145,"column":70},"skip":true},"48":{"start":{"line":149,"column":8},"end":{"line":149,"column":31},"skip":true},"49":{"start":{"line":150,"column":8},"end":{"line":150,"column":14},"skip":true},"50":{"start":{"line":158,"column":8},"end":{"line":158,"column":31},"skip":true},"51":{"start":{"line":160,"column":8},"end":{"line":160,"column":33},"skip":true},"52":{"start":{"line":161,"column":8},"end":{"line":161,"column":37},"skip":true},"53":{"start":{"line":162,"column":8},"end":{"line":162,"column":35},"skip":true},"54":{"start":{"line":164,"column":8},"end":{"line":164,"column":50},"skip":true},"55":{"start":{"line":166,"column":8},"end":{"line":256,"column":2},"skip":true},"56":{"start":{"line":258,"column":8},"end":{"line":286,"column":9},"skip":true},"57":{"start":{"line":259,"column":12},"end":{"line":269,"column":14},"skip":true},"58":{"start":{"line":271,"column":12},"end":{"line":285,"column":19},"skip":true},"59":{"start":{"line":274,"column":20},"end":{"line":274,"column":35},"skip":true},"60":{"start":{"line":275,"column":20},"end":{"line":284,"column":21},"skip":true},"61":{"start":{"line":277,"column":24},"end":{"line":277,"column":64},"skip":true},"62":{"start":{"line":279,"column":24},"end":{"line":279,"column":40},"skip":true},"63":{"start":{"line":281,"column":24},"end":{"line":281,"column":40},"skip":true},"64":{"start":{"line":283,"column":24},"end":{"line":283,"column":39},"skip":true},"65":{"start":{"line":288,"column":8},"end":{"line":290,"column":9},"skip":true},"66":{"start":{"line":289,"column":12},"end":{"line":289,"column":18},"skip":true},"67":{"start":{"line":291,"column":8},"end":{"line":293,"column":54},"skip":true},"68":{"start":{"line":296,"column":8},"end":{"line":301,"column":37},"skip":true},"69":{"start":{"line":303,"column":8},"end":{"line":303,"column":82},"skip":true},"70":{"start":{"line":306,"column":8},"end":{"line":308,"column":9},"skip":true},"71":{"start":{"line":307,"column":12},"end":{"line":307,"column":82},"skip":true},"72":{"start":{"line":310,"column":8},"end":{"line":312,"column":9},"skip":true},"73":{"start":{"line":311,"column":12},"end":{"line":311,"column":18},"skip":true},"74":{"start":{"line":313,"column":8},"end":{"line":313,"column":54},"skip":true},"75":{"start":{"line":314,"column":8},"end":{"line":314,"column":69},"skip":true},"76":{"start":{"line":315,"column":8},"end":{"line":323,"column":36},"skip":true},"77":{"start":{"line":316,"column":12},"end":{"line":316,"column":61},"skip":true},"78":{"start":{"line":317,"column":12},"end":{"line":320,"column":13},"skip":true},"79":{"start":{"line":318,"column":16},"end":{"line":318,"column":75},"skip":true},"80":{"start":{"line":319,"column":16},"end":{"line":319,"column":23},"skip":true},"81":{"start":{"line":321,"column":12},"end":{"line":321,"column":38},"skip":true},"82":{"start":{"line":322,"column":12},"end":{"line":322,"column":27},"skip":true},"83":{"start":{"line":324,"column":8},"end":{"line":324,"column":14},"skip":true}},"branchMap":{"1":{"line":39,"type":"binary-expr","locations":[{"start":{"line":39,"column":23},"end":{"line":39,"column":62}},{"start":{"line":40,"column":20},"end":{"line":40,"column":70}},{"start":{"line":41,"column":20},"end":{"line":41,"column":71}},{"start":{"line":42,"column":20},"end":{"line":42,"column":29}}]},"2":{"line":44,"type":"binary-expr","locations":[{"start":{"line":44,"column":23},"end":{"line":44,"column":37}},{"start":{"line":45,"column":20},"end":{"line":45,"column":61}},{"start":{"line":46,"column":20},"end":{"line":46,"column":70}},{"start":{"line":47,"column":20},"end":{"line":47,"column":26}}]},"3":{"line":51,"type":"cond-expr","locations":[{"start":{"line":52,"column":14},"end":{"line":52,"column":20}},{"start":{"line":53,"column":14},"end":{"line":53,"column":20}}]},"4":{"line":55,"type":"binary-expr","locations":[{"start":{"line":55,"column":16},"end":{"line":55,"column":44}},{"start":{"line":55,"column":49},"end":{"line":57,"column":43}}]},"5":{"line":55,"type":"cond-expr","locations":[{"start":{"line":56,"column":14},"end":{"line":56,"column":57}},{"start":{"line":57,"column":14},"end":{"line":57,"column":43}}]},"6":{"line":61,"type":"switch","locations":[{"start":{"line":68,"column":4},"end":{"line":150,"column":14},"skip":true},{"start":{"line":156,"column":4},"end":{"line":324,"column":14},"skip":true}]},"7":{"line":70,"type":"if","locations":[{"start":{"line":70,"column":12},"end":{"line":70,"column":12},"skip":true},{"start":{"line":70,"column":12},"end":{"line":70,"column":12},"skip":true}]},"8":{"line":70,"type":"binary-expr","locations":[{"start":{"line":70,"column":16},"end":{"line":70,"column":22},"skip":true},{"start":{"line":70,"column":27},"end":{"line":70,"column":32},"skip":true},{"start":{"line":71,"column":20},"end":{"line":71,"column":39},"skip":true},{"start":{"line":72,"column":20},"end":{"line":72,"column":49},"skip":true},{"start":{"line":73,"column":20},"end":{"line":73,"column":58},"skip":true},{"start":{"line":74,"column":20},"end":{"line":74,"column":69},"skip":true}]},"9":{"line":79,"type":"switch","locations":[{"start":{"line":80,"column":20},"end":{"line":80,"column":33},"skip":true},{"start":{"line":81,"column":20},"end":{"line":83,"column":30},"skip":true},{"start":{"line":84,"column":20},"end":{"line":85,"column":49},"skip":true}]},"10":{"line":89,"type":"switch","locations":[{"start":{"line":90,"column":12},"end":{"line":103,"column":22},"skip":true},{"start":{"line":105,"column":12},"end":{"line":106,"column":22},"skip":true}]},"11":{"line":89,"type":"binary-expr","locations":[{"start":{"line":89,"column":20},"end":{"line":89,"column":25},"skip":true},{"start":{"line":89,"column":29},"end":{"line":89,"column":48},"skip":true},{"start":{"line":89,"column":52},"end":{"line":89,"column":74},"skip":true}]},"12":{"line":92,"type":"if","locations":[{"start":{"line":92,"column":16},"end":{"line":92,"column":16},"skip":true},{"start":{"line":92,"column":16},"end":{"line":92,"column":16},"skip":true}]},"13":{"line":108,"type":"if","locations":[{"start":{"line":108,"column":12},"end":{"line":108,"column":12},"skip":true},{"start":{"line":108,"column":12},"end":{"line":108,"column":12},"skip":true}]},"14":{"line":108,"type":"binary-expr","locations":[{"start":{"line":108,"column":16},"end":{"line":108,"column":61},"skip":true},{"start":{"line":108,"column":66},"end":{"line":108,"column":72},"skip":true},{"start":{"line":108,"column":77},"end":{"line":108,"column":82},"skip":true},{"start":{"line":109,"column":20},"end":{"line":109,"column":39},"skip":true},{"start":{"line":110,"column":20},"end":{"line":110,"column":49},"skip":true},{"start":{"line":111,"column":20},"end":{"line":111,"column":58},"skip":true},{"start":{"line":112,"column":20},"end":{"line":112,"column":68},"skip":true}]},"15":{"line":129,"type":"if","locations":[{"start":{"line":129,"column":16},"end":{"line":129,"column":16},"skip":true},{"start":{"line":129,"column":16},"end":{"line":129,"column":16},"skip":true}]},"16":{"line":134,"type":"cond-expr","locations":[{"start":{"line":135,"column":26},"end":{"line":135,"column":29},"skip":true},{"start":{"line":136,"column":26},"end":{"line":136,"column":54},"skip":true}]},"17":{"line":164,"type":"binary-expr","locations":[{"start":{"line":164,"column":27},"end":{"line":164,"column":43},"skip":true},{"start":{"line":164,"column":47},"end":{"line":164,"column":49},"skip":true}]},"18":{"line":258,"type":"if","locations":[{"start":{"line":258,"column":8},"end":{"line":258,"column":8},"skip":true},{"start":{"line":258,"column":8},"end":{"line":258,"column":8},"skip":true}]},"19":{"line":275,"type":"switch","locations":[{"start":{"line":276,"column":20},"end":{"line":277,"column":64},"skip":true},{"start":{"line":278,"column":20},"end":{"line":279,"column":40},"skip":true},{"start":{"line":280,"column":20},"end":{"line":281,"column":40},"skip":true},{"start":{"line":282,"column":20},"end":{"line":283,"column":39},"skip":true}]},"20":{"line":288,"type":"if","locations":[{"start":{"line":288,"column":8},"end":{"line":288,"column":8},"skip":true},{"start":{"line":288,"column":8},"end":{"line":288,"column":8},"skip":true}]},"21":{"line":288,"type":"binary-expr","locations":[{"start":{"line":288,"column":12},"end":{"line":288,"column":40},"skip":true},{"start":{"line":288,"column":44},"end":{"line":288,"column":67},"skip":true}]},"22":{"line":292,"type":"binary-expr","locations":[{"start":{"line":292,"column":12},"end":{"line":292,"column":50},"skip":true},{"start":{"line":293,"column":12},"end":{"line":293,"column":53},"skip":true}]},"23":{"line":297,"type":"binary-expr","locations":[{"start":{"line":297,"column":12},"end":{"line":297,"column":71},"skip":true},{"start":{"line":298,"column":12},"end":{"line":301,"column":36},"skip":true}]},"24":{"line":303,"type":"binary-expr","locations":[{"start":{"line":303,"column":43},"end":{"line":303,"column":75},"skip":true},{"start":{"line":303,"column":79},"end":{"line":303,"column":81},"skip":true}]},"25":{"line":306,"type":"if","locations":[{"start":{"line":306,"column":8},"end":{"line":306,"column":8},"skip":true},{"start":{"line":306,"column":8},"end":{"line":306,"column":8},"skip":true}]},"26":{"line":310,"type":"if","locations":[{"start":{"line":310,"column":8},"end":{"line":310,"column":8},"skip":true},{"start":{"line":310,"column":8},"end":{"line":310,"column":8},"skip":true}]},"27":{"line":313,"type":"binary-expr","locations":[{"start":{"line":313,"column":27},"end":{"line":313,"column":43},"skip":true},{"start":{"line":313,"column":47},"end":{"line":313,"column":53},"skip":true}]},"28":{"line":317,"type":"if","locations":[{"start":{"line":317,"column":12},"end":{"line":317,"column":12},"skip":true},{"start":{"line":317,"column":12},"end":{"line":317,"column":12},"skip":true}]}},"code":["/*","example.js","","quickstart example","","instruction","    1. save this script as example.js","    2. run the shell command:","        $ npm install npmtest-image-resizer && PORT=8081 node example.js","    3. play with the browser-demo on http://127.0.0.1:8081","*/","","","","/* istanbul instrument in package npmtest_image_resizer */","/*jslint","    bitwise: true,","    browser: true,","    maxerr: 8,","    maxlen: 96,","    node: true,","    nomen: true,","    regexp: true,","    stupid: true","*/","(function () {","    'use strict';","    var local;","","","","    // run shared js-env code - pre-init","    (function () {","        // init local","        local = {};","        // init modeJs","        local.modeJs = (function () {","            try {","                return typeof navigator.userAgent === 'string' &&","                    typeof document.querySelector('body') === 'object' &&","                    typeof XMLHttpRequest.prototype.open === 'function' &&","                    'browser';","            } catch (errorCaughtBrowser) {","                return module.exports &&","                    typeof process.versions.node === 'string' &&","                    typeof require('http').createServer === 'function' &&","                    'node';","            }","        }());","        // init global","        local.global = local.modeJs === 'browser'","            ? window","            : global;","        // init utility2_rollup","        local = local.global.utility2_rollup || (local.modeJs === 'browser'","            ? local.global.utility2_npmtest_image_resizer","            : global.utility2_moduleExports);","        // export local","        local.global.local = local;","    }());","    switch (local.modeJs) {","","","","    // post-init","    // run browser js-env code - post-init","    /* istanbul ignore next */","    case 'browser':","        local.testRunBrowser = function (event) {","            if (!event || (event &&","                    event.currentTarget &&","                    event.currentTarget.className &&","                    event.currentTarget.className.includes &&","                    event.currentTarget.className.includes('onreset'))) {","                // reset output","                Array.from(","                    document.querySelectorAll('body > .resettable')","                ).forEach(function (element) {","                    switch (element.tagName) {","                    case 'INPUT':","                    case 'TEXTAREA':","                        element.value = '';","                        break;","                    default:","                        element.textContent = '';","                    }","                });","            }","            switch (event && event.currentTarget && event.currentTarget.id) {","            case 'testRunButton1':","                // show tests","                if (document.querySelector('#testReportDiv1').style.display === 'none') {","                    document.querySelector('#testReportDiv1').style.display = 'block';","                    document.querySelector('#testRunButton1').textContent =","                        'hide internal test';","                    local.modeTest = true;","                    local.testRunDefault(local);","                // hide tests","                } else {","                    document.querySelector('#testReportDiv1').style.display = 'none';","                    document.querySelector('#testRunButton1').textContent = 'run internal test';","                }","                break;","            // custom-case","            default:","                break;","            }","            if (document.querySelector('#inputTextareaEval1') && (!event || (event &&","                    event.currentTarget &&","                    event.currentTarget.className &&","                    event.currentTarget.className.includes &&","                    event.currentTarget.className.includes('oneval')))) {","                // try to eval input-code","                try {","                    /*jslint evil: true*/","                    eval(document.querySelector('#inputTextareaEval1').value);","                } catch (errorCaught) {","                    console.error(errorCaught);","                }","            }","        };","        // log stderr and stdout to #outputTextareaStdout1","        ['error', 'log'].forEach(function (key) {","            console[key + '_original'] = console[key];","            console[key] = function () {","                var element;","                console[key + '_original'].apply(console, arguments);","                element = document.querySelector('#outputTextareaStdout1');","                if (!element) {","                    return;","                }","                // append text to #outputTextareaStdout1","                element.value += Array.from(arguments).map(function (arg) {","                    return typeof arg === 'string'","                        ? arg","                        : JSON.stringify(arg, null, 4);","                }).join(' ') + '\\n';","                // scroll textarea to bottom","                element.scrollTop = element.scrollHeight;","            };","        });","        // init event-handling","        ['change', 'click', 'keyup'].forEach(function (event) {","            Array.from(document.querySelectorAll('.on' + event)).forEach(function (element) {","                element.addEventListener(event, local.testRunBrowser);","            });","        });","        // run tests","        local.testRunBrowser();","        break;","","","","    // run node js-env code - post-init","    /* istanbul ignore next */","    case 'node':","        // export local","        module.exports = local;","        // require modules","        local.fs = require('fs');","        local.http = require('http');","        local.url = require('url');","        // init assets","        local.assetsDict = local.assetsDict || {};","        /* jslint-ignore-begin */","        local.assetsDict['/assets.index.template.html'] = '\\","<!doctype html>\\n\\","<html lang=\"en\">\\n\\","<head>\\n\\","<meta charset=\"UTF-8\">\\n\\","<meta name=\"viewport\" content=\"width=device-width, initial-scale=1\">\\n\\","<title>{{env.npm_package_name}} (v{{env.npm_package_version}})</title>\\n\\","<style>\\n\\","/*csslint\\n\\","    box-sizing: false,\\n\\","    universal-selector: false\\n\\","*/\\n\\","* {\\n\\","    box-sizing: border-box;\\n\\","}\\n\\","body {\\n\\","    background: #dde;\\n\\","    font-family: Arial, Helvetica, sans-serif;\\n\\","    margin: 2rem;\\n\\","}\\n\\","body > * {\\n\\","    margin-bottom: 1rem;\\n\\","}\\n\\",".utility2FooterDiv {\\n\\","    margin-top: 20px;\\n\\","    text-align: center;\\n\\","}\\n\\","</style>\\n\\","<style>\\n\\","/*csslint\\n\\","*/\\n\\","textarea {\\n\\","    font-family: monospace;\\n\\","    height: 10rem;\\n\\","    width: 100%;\\n\\","}\\n\\","textarea[readonly] {\\n\\","    background: #ddd;\\n\\","}\\n\\","</style>\\n\\","</head>\\n\\","<body>\\n\\","<!-- utility2-comment\\n\\","<div id=\"ajaxProgressDiv1\" style=\"background: #d00; height: 2px; left: 0; margin: 0; padding: 0; position: fixed; top: 0; transition: background 0.5s, width 1.5s; width: 25%;\"></div>\\n\\","utility2-comment -->\\n\\","<h1>\\n\\","<!-- utility2-comment\\n\\","    <a\\n\\","        {{#if env.npm_package_homepage}}\\n\\","        href=\"{{env.npm_package_homepage}}\"\\n\\","        {{/if env.npm_package_homepage}}\\n\\","        target=\"_blank\"\\n\\","    >\\n\\","utility2-comment -->\\n\\","        {{env.npm_package_name}} (v{{env.npm_package_version}})\\n\\","<!-- utility2-comment\\n\\","    </a>\\n\\","utility2-comment -->\\n\\","</h1>\\n\\","<h3>{{env.npm_package_description}}</h3>\\n\\","<!-- utility2-comment\\n\\","<h4><a download href=\"assets.app.js\">download standalone app</a></h4>\\n\\","<button class=\"onclick onreset\" id=\"testRunButton1\">run internal test</button><br>\\n\\","<div id=\"testReportDiv1\" style=\"display: none;\"></div>\\n\\","utility2-comment -->\\n\\","\\n\\","\\n\\","\\n\\","<label>stderr and stdout</label>\\n\\","<textarea class=\"resettable\" id=\"outputTextareaStdout1\" readonly></textarea>\\n\\","<!-- utility2-comment\\n\\","{{#if isRollup}}\\n\\","<script src=\"assets.app.js\"></script>\\n\\","{{#unless isRollup}}\\n\\","utility2-comment -->\\n\\","<script src=\"assets.utility2.rollup.js\"></script>\\n\\","<script src=\"jsonp.utility2._stateInit?callback=window.utility2._stateInit\"></script>\\n\\","<script src=\"assets.npmtest_image_resizer.rollup.js\"></script>\\n\\","<script src=\"assets.example.js\"></script>\\n\\","<script src=\"assets.test.js\"></script>\\n\\","<!-- utility2-comment\\n\\","{{/if isRollup}}\\n\\","utility2-comment -->\\n\\","<div class=\"utility2FooterDiv\">\\n\\","    [ this app was created with\\n\\","    <a href=\"https://github.com/kaizhu256/node-utility2\" target=\"_blank\">utility2</a>\\n\\","    ]\\n\\","</div>\\n\\","</body>\\n\\","</html>\\n\\","';","        /* jslint-ignore-end */","        if (local.templateRender) {","            local.assetsDict['/'] = local.templateRender(","                local.assetsDict['/assets.index.template.html'],","                {","                    env: local.objectSetDefault(local.env, {","                        npm_package_description: 'the greatest app in the world!',","                        npm_package_name: 'my-app',","                        npm_package_nameAlias: 'my_app',","                        npm_package_version: '0.0.1'","                    })","                }","            );","        } else {","            local.assetsDict['/'] = local.assetsDict['/assets.index.template.html']","                .replace((/\\{\\{env\\.(\\w+?)\\}\\}/g), function (match0, match1) {","                    // jslint-hack","                    String(match0);","                    switch (match1) {","                    case 'npm_package_description':","                        return 'the greatest app in the world!';","                    case 'npm_package_name':","                        return 'my-app';","                    case 'npm_package_nameAlias':","                        return 'my_app';","                    case 'npm_package_version':","                        return '0.0.1';","                    }","                });","        }","        // run the cli","        if (local.global.utility2_rollup || module !== require.main) {","            break;","        }","        local.assetsDict['/assets.example.js'] =","            local.assetsDict['/assets.example.js'] ||","            local.fs.readFileSync(__filename, 'utf8');","        // bug-workaround - long $npm_package_buildCustomOrg","        /* jslint-ignore-begin */","        local.assetsDict['/assets.npmtest_image_resizer.rollup.js'] =","            local.assetsDict['/assets.npmtest_image_resizer.rollup.js'] ||","            local.fs.readFileSync(","                local.npmtest_image_resizer.__dirname + '/lib.npmtest_image_resizer.js',","                'utf8'","            ).replace((/^#!/), '//');","        /* jslint-ignore-end */","        local.assetsDict['/favicon.ico'] = local.assetsDict['/favicon.ico'] || '';","        // if $npm_config_timeout_exit exists,","        // then exit this process after $npm_config_timeout_exit ms","        if (Number(process.env.npm_config_timeout_exit)) {","            setTimeout(process.exit, Number(process.env.npm_config_timeout_exit));","        }","        // start server","        if (local.global.utility2_serverHttp1) {","            break;","        }","        process.env.PORT = process.env.PORT || '8081';","        console.error('server starting on port ' + process.env.PORT);","        local.http.createServer(function (request, response) {","            request.urlParsed = local.url.parse(request.url);","            if (local.assetsDict[request.urlParsed.pathname] !== undefined) {","                response.end(local.assetsDict[request.urlParsed.pathname]);","                return;","            }","            response.statusCode = 404;","            response.end();","        }).listen(process.env.PORT);","        break;","    }","}());",""],"l":{"26":2,"28":2,"33":2,"35":2,"37":2,"38":2,"39":2,"44":1,"51":2,"55":2,"59":2,"61":2,"69":1,"70":2,"76":2,"79":2,"82":2,"83":2,"85":1,"89":2,"92":1,"93":1,"94":1,"96":1,"97":1,"100":1,"101":1,"103":1,"106":1,"108":2,"114":1,"116":1,"118":1,"123":1,"124":2,"125":2,"126":3,"127":3,"128":3,"129":3,"130":1,"133":3,"134":3,"139":3,"143":1,"144":3,"145":1,"149":1,"150":1,"158":1,"160":1,"161":1,"162":1,"164":1,"166":1,"258":1,"259":1,"271":1,"274":6,"275":6,"277":1,"279":2,"281":1,"283":2,"288":1,"289":1,"291":1,"296":1,"303":1,"306":1,"307":1,"310":1,"311":1,"313":1,"314":1,"315":1,"316":1,"317":1,"318":1,"319":1,"321":1,"322":1,"324":1}},"/home/travis/build/npmtest/node-npmtest-image-resizer/node_modules/image-resizer/index.js":{"path":"/home/travis/build/npmtest/node-npmtest-image-resizer/node_modules/image-resizer/index.js","s":{"1":2,"2":2},"b":{},"f":{},"fnMap":{},"statementMap":{"1":{"start":{"line":3,"column":0},"end":{"line":3,"column":51}},"2":{"start":{"line":5,"column":0},"end":{"line":16,"column":2}}},"branchMap":{},"code":["'use strict';","","var env = require('./src/config/environment_vars');","","module.exports = {","","  img: require('./src/image'),","  streams: require('./src/streams'),","  sources: require('./src/streams/sources'),","  filter: require('./src/streams/filter'),","  modifiers: require('./src/lib/modifiers').map,","","  env: env,","  expressConfig: require('./src/config/' + env.NODE_ENV)","","};",""],"l":{"3":2,"5":2}},"/home/travis/build/npmtest/node-npmtest-image-resizer/node_modules/image-resizer/src/config/environment_vars.js":{"path":"/home/travis/build/npmtest/node-npmtest-image-resizer/node_modules/image-resizer/src/config/environment_vars.js","s":{"1":1,"2":1,"3":1,"4":1,"5":29,"6":29,"7":2,"8":2,"9":1,"10":2,"11":0,"12":2,"13":0,"14":1,"15":1,"16":297,"17":1,"18":1,"19":1,"20":1,"21":1},"b":{"1":[2,27],"2":[1,1],"3":[0,2],"4":[0,2],"5":[1,1]},"f":{"1":29,"2":297,"3":1},"fnMap":{"1":{"name":"(anonymous_1)","line":68,"loc":{"start":{"line":68,"column":16},"end":{"line":68,"column":36}}},"2":{"name":"(anonymous_2)","line":91,"loc":{"start":{"line":91,"column":58},"end":{"line":91,"column":72}}},"3":{"name":"(anonymous_3)","line":93,"loc":{"start":{"line":93,"column":11},"end":{"line":93,"column":25}}}},"statementMap":{"1":{"start":{"line":3,"column":0},"end":{"line":3,"column":12}},"2":{"start":{"line":5,"column":0},"end":{"line":5,"column":22}},"3":{"start":{"line":7,"column":0},"end":{"line":66,"column":2}},"4":{"start":{"line":68,"column":0},"end":{"line":87,"column":3}},"5":{"start":{"line":69,"column":2},"end":{"line":69,"column":33}},"6":{"start":{"line":71,"column":2},"end":{"line":85,"column":3}},"7":{"start":{"line":72,"column":4},"end":{"line":72,"column":33}},"8":{"start":{"line":74,"column":4},"end":{"line":76,"column":5}},"9":{"start":{"line":75,"column":6},"end":{"line":75,"column":31}},"10":{"start":{"line":79,"column":4},"end":{"line":81,"column":5}},"11":{"start":{"line":80,"column":6},"end":{"line":80,"column":23}},"12":{"start":{"line":82,"column":4},"end":{"line":84,"column":5}},"13":{"start":{"line":83,"column":6},"end":{"line":83,"column":24}},"14":{"start":{"line":90,"column":0},"end":{"line":90,"column":26}},"15":{"start":{"line":91,"column":0},"end":{"line":95,"column":3}},"16":{"start":{"line":92,"column":2},"end":{"line":92,"column":41}},"17":{"start":{"line":94,"column":2},"end":{"line":94,"column":108}},"18":{"start":{"line":98,"column":0},"end":{"line":98,"column":51}},"19":{"start":{"line":99,"column":0},"end":{"line":99,"column":44}},"20":{"start":{"line":100,"column":0},"end":{"line":100,"column":50}},"21":{"start":{"line":103,"column":0},"end":{"line":103,"column":22}}},"branchMap":{"1":{"line":71,"type":"if","locations":[{"start":{"line":71,"column":2},"end":{"line":71,"column":2}},{"start":{"line":71,"column":2},"end":{"line":71,"column":2}}]},"2":{"line":74,"type":"if","locations":[{"start":{"line":74,"column":4},"end":{"line":74,"column":4}},{"start":{"line":74,"column":4},"end":{"line":74,"column":4}}]},"3":{"line":79,"type":"if","locations":[{"start":{"line":79,"column":4},"end":{"line":79,"column":4}},{"start":{"line":79,"column":4},"end":{"line":79,"column":4}}]},"4":{"line":82,"type":"if","locations":[{"start":{"line":82,"column":4},"end":{"line":82,"column":4}},{"start":{"line":82,"column":4},"end":{"line":82,"column":4}}]},"5":{"line":94,"type":"binary-expr","locations":[{"start":{"line":94,"column":78},"end":{"line":94,"column":94}},{"start":{"line":94,"column":98},"end":{"line":94,"column":107}}]}},"code":["'use strict';","","var _, vars;","","_ = require('lodash');","","vars = {","","  NODE_ENV: 'development',","  PORT: 3001,","  DEFAULT_SOURCE: 's3',","  EXCLUDE_SOURCES: null, // add comma delimited list","","  // Restrict to named modifiers strings only","  NAMED_MODIFIERS_ONLY: false,","","  // AWS keys","  AWS_ACCESS_KEY_ID: null,","  AWS_SECRET_ACCESS_KEY: null,","  AWS_REGION: null,","  S3_BUCKET: null,","","  // Resize options","  RESIZE_PROCESS_ORIGINAL: true,","  AUTO_ORIENT: true,","  REMOVE_METADATA: true,","","  // Protect original files by specifying a max image width or height - limits","  // max height/width in parameters","  MAX_IMAGE_DIMENSION: null,","","  // Color used when padding an image with the 'pad' crop modifier.","  IMAGE_PADDING_COLOR: 'white',","","  // Optimization options","  IMAGE_PROGRESSIVE: true,","  IMAGE_QUALITY: 80,","","  // Cache expiries","  IMAGE_EXPIRY: 60 * 60 * 24 * 90,","  IMAGE_EXPIRY_SHORT: 60 * 60 * 24 * 2,","  JSON_EXPIRY: 60 * 60 * 24 * 30,","","  // Logging options","  LOG_PREFIX: 'resizer',","  QUEUE_LOG: true,","","  // Response settings","  CACHE_DEV_REQUESTS: false,","","  // Twitter settings","  TWITTER_CONSUMER_KEY: null,","  TWITTER_CONSUMER_SECRET: null,","  TWITTER_ACCESS_TOKEN: null,","  TWITTER_ACCESS_TOKEN_SECRET: null,","","  // Where are the local files kept?","  LOCAL_FILE_PATH: process.cwd(),","","  // Display an image if a 404 request is encountered from a source","  IMAGE_404: null,","","  // Whitelist arbitrary HTTP source prefixes using EXTERNAL_SOURCE_*","  EXTERNAL_SOURCE_WIKIPEDIA: 'https://upload.wikimedia.org/wikipedia/'","","};","","_.forEach(vars, function(value, key){","  var keyType = typeof vars[key];","","  if (_.has(process.env, key)){","    vars[key] = process.env[key];","","    if (keyType === 'number') {","      vars[key] = +(vars[key]);","    }","","    // cast any boolean strings to proper boolean values","    if (vars[key] === 'true'){","      vars[key] = true;","    }","    if (vars[key] === 'false'){","      vars[key] = false;","    }","  }","","});","","// Add external sources from environment vars","vars.externalSources = {};","Object.keys(vars).concat(Object.keys(process.env)).filter(function(key) {","  return (/^EXTERNAL_SOURCE_/).test(key);","}).forEach(function(key) {","  vars.externalSources[key.substr('EXTERNAL_SOURCE_'.length).toLowerCase()] = process.env[key] || vars[key];","});","","// A few helpers to quickly determine the environment","vars.development = vars.NODE_ENV === 'development';","vars.test        = vars.NODE_ENV === 'test';","vars.production  = vars.NODE_ENV === 'production';","","","module.exports = vars;",""],"l":{"3":1,"5":1,"7":1,"68":1,"69":29,"71":29,"72":2,"74":2,"75":1,"79":2,"80":0,"82":2,"83":0,"90":1,"91":1,"92":297,"94":1,"98":1,"99":1,"100":1,"103":1}},"/home/travis/build/npmtest/node-npmtest-image-resizer/node_modules/image-resizer/src/image.js":{"path":"/home/travis/build/npmtest/node-npmtest-image-resizer/node_modules/image-resizer/src/image.js","s":{"1":4,"2":4,"3":4,"4":4,"5":4,"6":0,"7":0,"8":0,"9":1,"10":0,"11":0,"12":0,"13":0,"14":0,"15":0,"16":1,"17":0,"18":0,"19":0,"20":0,"21":0,"22":0,"23":0,"24":0,"25":0,"26":0,"27":0,"28":0,"29":0,"30":0,"31":0,"32":0,"33":0,"34":0,"35":0,"36":0,"37":0,"38":0,"39":0,"40":0,"41":0,"42":0,"43":0,"44":0,"45":0,"46":0,"47":0,"48":0,"49":0,"50":0,"51":0,"52":0,"53":0,"54":0,"55":0,"56":0,"57":0,"58":0,"59":0,"60":0,"61":0,"62":0,"63":0,"64":0,"65":0,"66":0,"67":0,"68":0,"69":0,"70":0,"71":0,"72":0,"73":0,"74":0,"75":0,"76":0,"77":0,"78":0,"79":0,"80":0,"81":0,"82":0,"83":0,"84":0,"85":0,"86":0,"87":0,"88":0,"89":0,"90":0,"91":0},"b":{"1":[0,0],"2":[0,0],"3":[0,0],"4":[0,0],"5":[0,0],"6":[0,0],"7":[0,0],"8":[0,0],"9":[0,0],"10":[0,0],"11":[0,0],"12":[0,0],"13":[0,0],"14":[0,0],"15":[0,0]},"f":{"1":0,"2":0,"3":0,"4":0,"5":0,"6":0,"7":0,"8":0,"9":0,"10":0,"11":0,"12":0,"13":0,"14":0,"15":0,"16":0,"17":0},"fnMap":{"1":{"name":"ErrorStream","line":16,"loc":{"start":{"line":16,"column":0},"end":{"line":16,"column":27}}},"2":{"name":"(anonymous_2)","line":22,"loc":{"start":{"line":22,"column":30},"end":{"line":22,"column":40}}},"3":{"name":"Image","line":28,"loc":{"start":{"line":28,"column":0},"end":{"line":28,"column":23}}},"4":{"name":"(anonymous_4)","line":61,"loc":{"start":{"line":61,"column":29},"end":{"line":61,"column":46}}},"5":{"name":"(anonymous_5)","line":63,"loc":{"start":{"line":63,"column":37},"end":{"line":63,"column":53}}},"6":{"name":"(anonymous_6)","line":91,"loc":{"start":{"line":91,"column":27},"end":{"line":91,"column":44}}},"7":{"name":"(anonymous_7)","line":110,"loc":{"start":{"line":110,"column":26},"end":{"line":110,"column":36}}},"8":{"name":"(anonymous_8)","line":113,"loc":{"start":{"line":113,"column":27},"end":{"line":113,"column":37}}},"9":{"name":"(anonymous_9)","line":119,"loc":{"start":{"line":119,"column":27},"end":{"line":119,"column":37}}},"10":{"name":"(anonymous_10)","line":124,"loc":{"start":{"line":124,"column":26},"end":{"line":124,"column":36}}},"11":{"name":"(anonymous_11)","line":156,"loc":{"start":{"line":156,"column":32},"end":{"line":156,"column":42}}},"12":{"name":"(anonymous_12)","line":162,"loc":{"start":{"line":162,"column":29},"end":{"line":162,"column":39}}},"13":{"name":"(anonymous_13)","line":169,"loc":{"start":{"line":169,"column":32},"end":{"line":169,"column":44}}},"14":{"name":"(anonymous_14)","line":179,"loc":{"start":{"line":179,"column":7},"end":{"line":179,"column":19}}},"15":{"name":"(anonymous_15)","line":180,"loc":{"start":{"line":180,"column":7},"end":{"line":180,"column":24}}},"16":{"name":"(anonymous_16)","line":189,"loc":{"start":{"line":189,"column":7},"end":{"line":189,"column":19}}},"17":{"name":"(anonymous_17)","line":190,"loc":{"start":{"line":190,"column":7},"end":{"line":190,"column":23}}}},"statementMap":{"1":{"start":{"line":3,"column":0},"end":{"line":3,"column":53}},"2":{"start":{"line":5,"column":0},"end":{"line":5,"column":30}},"3":{"start":{"line":6,"column":0},"end":{"line":6,"column":38}},"4":{"start":{"line":7,"column":0},"end":{"line":7,"column":49}},"5":{"start":{"line":8,"column":0},"end":{"line":8,"column":39}},"6":{"start":{"line":9,"column":0},"end":{"line":9,"column":30}},"7":{"start":{"line":10,"column":0},"end":{"line":10,"column":28}},"8":{"start":{"line":11,"column":0},"end":{"line":11,"column":34}},"9":{"start":{"line":16,"column":0},"end":{"line":19,"column":1}},"10":{"start":{"line":17,"column":2},"end":{"line":17,"column":52}},"11":{"start":{"line":18,"column":2},"end":{"line":18,"column":21}},"12":{"start":{"line":20,"column":0},"end":{"line":20,"column":44}},"13":{"start":{"line":22,"column":0},"end":{"line":25,"column":2}},"14":{"start":{"line":23,"column":2},"end":{"line":23,"column":24}},"15":{"start":{"line":24,"column":2},"end":{"line":24,"column":18}},"16":{"start":{"line":28,"column":0},"end":{"line":55,"column":1}},"17":{"start":{"line":30,"column":2},"end":{"line":30,"column":20}},"18":{"start":{"line":33,"column":2},"end":{"line":33,"column":25}},"19":{"start":{"line":36,"column":2},"end":{"line":36,"column":27}},"20":{"start":{"line":39,"column":2},"end":{"line":39,"column":49}},"21":{"start":{"line":42,"column":2},"end":{"line":42,"column":25}},"22":{"start":{"line":45,"column":2},"end":{"line":45,"column":23}},"23":{"start":{"line":48,"column":2},"end":{"line":48,"column":33}},"24":{"start":{"line":51,"column":2},"end":{"line":51,"column":33}},"25":{"start":{"line":54,"column":2},"end":{"line":54,"column":26}},"26":{"start":{"line":57,"column":0},"end":{"line":57,"column":65}},"27":{"start":{"line":58,"column":0},"end":{"line":58,"column":51}},"28":{"start":{"line":61,"column":0},"end":{"line":87,"column":2}},"29":{"start":{"line":62,"column":2},"end":{"line":62,"column":48}},"30":{"start":{"line":63,"column":2},"end":{"line":65,"column":5}},"31":{"start":{"line":64,"column":4},"end":{"line":64,"column":30}},"32":{"start":{"line":68,"column":2},"end":{"line":72,"column":3}},"33":{"start":{"line":69,"column":4},"end":{"line":69,"column":40}},"34":{"start":{"line":70,"column":4},"end":{"line":70,"column":15}},"35":{"start":{"line":71,"column":4},"end":{"line":71,"column":29}},"36":{"start":{"line":75,"column":2},"end":{"line":84,"column":3}},"37":{"start":{"line":76,"column":4},"end":{"line":76,"column":44}},"38":{"start":{"line":77,"column":4},"end":{"line":77,"column":34}},"39":{"start":{"line":79,"column":4},"end":{"line":83,"column":5}},"40":{"start":{"line":81,"column":6},"end":{"line":81,"column":39}},"41":{"start":{"line":82,"column":6},"end":{"line":82,"column":31}},"42":{"start":{"line":86,"column":2},"end":{"line":86,"column":24}},"43":{"start":{"line":91,"column":0},"end":{"line":107,"column":2}},"44":{"start":{"line":92,"column":2},"end":{"line":92,"column":56}},"45":{"start":{"line":96,"column":2},"end":{"line":96,"column":39}},"46":{"start":{"line":99,"column":2},"end":{"line":101,"column":3}},"47":{"start":{"line":100,"column":4},"end":{"line":100,"column":18}},"48":{"start":{"line":103,"column":2},"end":{"line":103,"column":30}},"49":{"start":{"line":106,"column":2},"end":{"line":106,"column":35}},"50":{"start":{"line":110,"column":0},"end":{"line":110,"column":68}},"51":{"start":{"line":110,"column":38},"end":{"line":110,"column":65}},"52":{"start":{"line":113,"column":0},"end":{"line":116,"column":2}},"53":{"start":{"line":114,"column":2},"end":{"line":114,"column":40}},"54":{"start":{"line":115,"column":2},"end":{"line":115,"column":60}},"55":{"start":{"line":119,"column":0},"end":{"line":121,"column":2}},"56":{"start":{"line":120,"column":2},"end":{"line":120,"column":59}},"57":{"start":{"line":124,"column":0},"end":{"line":153,"column":2}},"58":{"start":{"line":125,"column":2},"end":{"line":128,"column":20}},"59":{"start":{"line":131,"column":2},"end":{"line":138,"column":3}},"60":{"start":{"line":132,"column":4},"end":{"line":137,"column":5}},"61":{"start":{"line":133,"column":6},"end":{"line":133,"column":43}},"62":{"start":{"line":134,"column":11},"end":{"line":137,"column":5}},"63":{"start":{"line":135,"column":6},"end":{"line":135,"column":32}},"64":{"start":{"line":136,"column":6},"end":{"line":136,"column":101}},"65":{"start":{"line":141,"column":2},"end":{"line":150,"column":3}},"66":{"start":{"line":142,"column":4},"end":{"line":142,"column":66}},"67":{"start":{"line":143,"column":4},"end":{"line":143,"column":25}},"68":{"start":{"line":148,"column":4},"end":{"line":148,"column":40}},"69":{"start":{"line":149,"column":4},"end":{"line":149,"column":33}},"70":{"start":{"line":152,"column":2},"end":{"line":152,"column":26}},"71":{"start":{"line":156,"column":0},"end":{"line":159,"column":2}},"72":{"start":{"line":157,"column":2},"end":{"line":157,"column":34}},"73":{"start":{"line":158,"column":2},"end":{"line":158,"column":50}},"74":{"start":{"line":162,"column":0},"end":{"line":166,"column":2}},"75":{"start":{"line":163,"column":2},"end":{"line":164,"column":34}},"76":{"start":{"line":165,"column":2},"end":{"line":165,"column":47}},"77":{"start":{"line":169,"column":0},"end":{"line":175,"column":2}},"78":{"start":{"line":170,"column":2},"end":{"line":174,"column":3}},"79":{"start":{"line":171,"column":4},"end":{"line":173,"column":6}},"80":{"start":{"line":178,"column":0},"end":{"line":184,"column":3}},"81":{"start":{"line":179,"column":21},"end":{"line":179,"column":41}},"82":{"start":{"line":181,"column":4},"end":{"line":181,"column":39}},"83":{"start":{"line":182,"column":4},"end":{"line":182,"column":58}},"84":{"start":{"line":182,"column":34},"end":{"line":182,"column":56}},"85":{"start":{"line":188,"column":0},"end":{"line":198,"column":3}},"86":{"start":{"line":189,"column":21},"end":{"line":189,"column":43}},"87":{"start":{"line":191,"column":4},"end":{"line":191,"column":26}},"88":{"start":{"line":193,"column":4},"end":{"line":196,"column":5}},"89":{"start":{"line":194,"column":6},"end":{"line":194,"column":38}},"90":{"start":{"line":195,"column":6},"end":{"line":195,"column":27}},"91":{"start":{"line":201,"column":0},"end":{"line":201,"column":23}}},"branchMap":{"1":{"line":68,"type":"if","locations":[{"start":{"line":68,"column":2},"end":{"line":68,"column":2}},{"start":{"line":68,"column":2},"end":{"line":68,"column":2}}]},"2":{"line":75,"type":"if","locations":[{"start":{"line":75,"column":2},"end":{"line":75,"column":2}},{"start":{"line":75,"column":2},"end":{"line":75,"column":2}}]},"3":{"line":79,"type":"if","locations":[{"start":{"line":79,"column":4},"end":{"line":79,"column":4}},{"start":{"line":79,"column":4},"end":{"line":79,"column":4}}]},"4":{"line":79,"type":"binary-expr","locations":[{"start":{"line":79,"column":8},"end":{"line":79,"column":60}},{"start":{"line":80,"column":8},"end":{"line":80,"column":62}}]},"5":{"line":99,"type":"if","locations":[{"start":{"line":99,"column":2},"end":{"line":99,"column":2}},{"start":{"line":99,"column":2},"end":{"line":99,"column":2}}]},"6":{"line":115,"type":"binary-expr","locations":[{"start":{"line":115,"column":9},"end":{"line":115,"column":24}},{"start":{"line":115,"column":28},"end":{"line":115,"column":59}}]},"7":{"line":120,"type":"binary-expr","locations":[{"start":{"line":120,"column":9},"end":{"line":120,"column":24}},{"start":{"line":120,"column":28},"end":{"line":120,"column":58}}]},"8":{"line":126,"type":"cond-expr","locations":[{"start":{"line":126,"column":39},"end":{"line":126,"column":69}},{"start":{"line":126,"column":72},"end":{"line":126,"column":74}}]},"9":{"line":131,"type":"if","locations":[{"start":{"line":131,"column":2},"end":{"line":131,"column":2}},{"start":{"line":131,"column":2},"end":{"line":131,"column":2}}]},"10":{"line":132,"type":"if","locations":[{"start":{"line":132,"column":4},"end":{"line":132,"column":4}},{"start":{"line":132,"column":4},"end":{"line":132,"column":4}}]},"11":{"line":134,"type":"if","locations":[{"start":{"line":134,"column":11},"end":{"line":134,"column":11}},{"start":{"line":134,"column":11},"end":{"line":134,"column":11}}]},"12":{"line":141,"type":"if","locations":[{"start":{"line":141,"column":2},"end":{"line":141,"column":2}},{"start":{"line":141,"column":2},"end":{"line":141,"column":2}}]},"13":{"line":170,"type":"if","locations":[{"start":{"line":170,"column":2},"end":{"line":170,"column":2}},{"start":{"line":170,"column":2},"end":{"line":170,"column":2}}]},"14":{"line":182,"type":"if","locations":[{"start":{"line":182,"column":4},"end":{"line":182,"column":4}},{"start":{"line":182,"column":4},"end":{"line":182,"column":4}}]},"15":{"line":193,"type":"if","locations":[{"start":{"line":193,"column":4},"end":{"line":193,"column":4}},{"start":{"line":193,"column":4},"end":{"line":193,"column":4}}]}},"code":["'use strict';","","var _, Logger, env, modifiers, stream, util, imgType;","","_         = require('lodash');","Logger    = require('./utils/logger');","env       = require('./config/environment_vars');","modifiers = require('./lib/modifiers');","stream    = require('stream');","util      = require('util');","imgType   = require('image-type');","","","// Simple stream to represent an error at an early stage, for instance a","// request to an excluded source.","function ErrorStream(image){","  stream.Readable.call(this, { objectMode : true });","  this.image = image;","}","util.inherits(ErrorStream, stream.Readable);","","ErrorStream.prototype._read = function(){","  this.push(this.image);","  this.push(null);","};","","","function Image(request){","  // placeholder for any error objects","  this.error = null;","","  // set a mark for the start of the process","  this.mark = Date.now();","","  // determine the name and format (mime) of the requested image","  this.parseImage(request);","","  // determine the requested modifications","  this.modifiers = modifiers.parse(request.path);","","  // pull the various parts needed from the request params","  this.parseUrl(request);","","  // placeholder for the buffer/stream coming from s3, will hold the image","  this.contents = null;","","  // placeholder for the size of the original image","  this.originalContentLength = 0;","","  // set the default expiry length, can be altered by a source file","  this.expiry = env.IMAGE_EXPIRY;","","  // all logging strings will be queued here to be written on response","  this.log = new Logger();","}","","Image.validInputFormats  = ['jpeg', 'jpg', 'gif', 'png', 'webp'];","Image.validOutputFormats = ['jpeg', 'png', 'webp'];","","// Determine the name and format of the requested image","Image.prototype.parseImage = function(request){","  var fileStr = _.last(request.path.split('/'));","  var exts = fileStr.split('.').map( function (item) {","    return item.toLowerCase();","  });","","  // clean out any metadata format","  if (exts[exts.length - 1] === 'json') {","    this.format = exts[exts.length - 2];","    exts.pop();","    fileStr = exts.join('.');","  }","","  // if path contains valid output format, remove it from path","  if (exts.length >= 3) {","    var inputFormat = exts[exts.length - 2];","    var outputFormat = exts.pop();","","    if (_.indexOf(Image.validInputFormats, inputFormat) > -1 &&","        _.indexOf(Image.validOutputFormats, outputFormat) > -1) {","      this.outputFormat = outputFormat;","      fileStr = exts.join('.');","    }","  }","","  this.image  = fileStr;","};","","","// Determine the file path for the requested image","Image.prototype.parseUrl = function(request){","  var parts = request.path.replace(/^\\//,'').split('/');","","  // overwrite the image name with the parsed version so metadata requests do","  // not mess things up","  parts[parts.length - 1] = this.image;","","  // if there is a modifier string remove it","  if (this.modifiers.hasModStr) {","    parts.shift();","  }","","  this.path = parts.join('/');","","  // account for any spaces in the path","  this.path = decodeURI(this.path);","};","","","Image.prototype.isError = function(){ return this.error !== null; };","","","Image.prototype.isStream = function(){","  var Stream = require('stream').Stream;","  return !!this.contents && this.contents instanceof Stream;","};","","","Image.prototype.isBuffer = function(){","  return !!this.contents && Buffer.isBuffer(this.contents);","};","","","Image.prototype.getFile = function(){","  var sources = require('./streams/sources'),","      excludes = env.EXCLUDE_SOURCES ? env.EXCLUDE_SOURCES.split(',') : [],","      streamType = env.DEFAULT_SOURCE,","      Stream = null;","","  // look to see if the request has a specified source","  if (_.has(this.modifiers, 'external')){","    if (_.has(sources, this.modifiers.external)){","      streamType = this.modifiers.external;","    } else if (_.has(env.externalSources, this.modifiers.external)) {","      Stream = sources.external;","      return new Stream(this, this.modifiers.external, env.externalSources[this.modifiers.external]);","    }","  }","","  // if this request is for an excluded source create an ErrorStream","  if (excludes.indexOf(streamType) > -1){","    this.error = new Error(streamType + ' is an excluded source');","    Stream = ErrorStream;","  }","","  // if all is well find the appropriate stream","  else {","    this.log.log('new stream created!');","    Stream = sources[streamType];","  }","","  return new Stream(this);","};","","","Image.prototype.sizeReduction = function(){","  var size = this.contents.length;","  return (this.originalContentLength - size)/1000;","};","","","Image.prototype.sizeSaving = function(){","  var oCnt = this.originalContentLength,","      size = this.contents.length;","  return ((oCnt - size)/oCnt * 100).toFixed(2);","};","","","Image.prototype.isFormatValid = function () {","  if (Image.validInputFormats.indexOf(this.format) === -1) {","    this.error = new Error(","      'The listed format (' + this.format + ') is not valid.'","    );","  }","};","","// Setter/getter for image format that normalizes jpeg formats","Object.defineProperty(Image.prototype, 'format', {","  get: function () { return this._format; },","  set: function (value) {","    this._format = value.toLowerCase();","    if (this._format === 'jpg') { this._format = 'jpeg'; }","  }","});","","// Setter/getter for image contents that determines the format from the content","// of the image to be processed.","Object.defineProperty(Image.prototype, 'contents', {","  get: function () { return this._contents; },","  set: function (data) {","    this._contents = data;","","    if (this.isBuffer()) {","      this.format = imgType(data).ext;","      this.isFormatValid();","    }","  }","});","","","module.exports = Image;",""],"l":{"3":4,"5":4,"6":4,"7":4,"8":4,"9":0,"10":0,"11":0,"16":1,"17":0,"18":0,"20":0,"22":0,"23":0,"24":0,"28":1,"30":0,"33":0,"36":0,"39":0,"42":0,"45":0,"48":0,"51":0,"54":0,"57":0,"58":0,"61":0,"62":0,"63":0,"64":0,"68":0,"69":0,"70":0,"71":0,"75":0,"76":0,"77":0,"79":0,"81":0,"82":0,"86":0,"91":0,"92":0,"96":0,"99":0,"100":0,"103":0,"106":0,"110":0,"113":0,"114":0,"115":0,"119":0,"120":0,"124":0,"125":0,"131":0,"132":0,"133":0,"134":0,"135":0,"136":0,"141":0,"142":0,"143":0,"148":0,"149":0,"152":0,"156":0,"157":0,"158":0,"162":0,"163":0,"165":0,"169":0,"170":0,"171":0,"178":0,"179":0,"181":0,"182":0,"188":0,"189":0,"191":0,"193":0,"194":0,"195":0,"201":0}},"/home/travis/build/npmtest/node-npmtest-image-resizer/node_modules/image-resizer/src/utils/logger.js":{"path":"/home/travis/build/npmtest/node-npmtest-image-resizer/node_modules/image-resizer/src/utils/logger.js","s":{"1":1,"2":1,"3":1,"4":1,"5":1,"6":1,"7":1,"8":1,"9":1,"10":0,"11":0,"12":0,"13":1,"14":1,"15":0,"16":0,"17":0,"18":0,"19":0,"20":1,"21":0,"22":0,"23":0,"24":0,"25":0,"26":1,"27":0,"28":0,"29":0,"30":0,"31":1,"32":0,"33":0,"34":0,"35":0,"36":0,"37":1,"38":0,"39":0,"40":0,"41":0,"42":0,"43":0,"44":0,"45":0,"46":0,"47":0,"48":0,"49":0,"50":0,"51":0,"52":0,"53":0,"54":1},"b":{"1":[0,0],"2":[0,0],"3":[0,0],"4":[0,0],"5":[0,0],"6":[0,0,0]},"f":{"1":0,"2":0,"3":0,"4":0,"5":0,"6":0,"7":0,"8":0,"9":0},"fnMap":{"1":{"name":"Logger","line":15,"loc":{"start":{"line":15,"column":0},"end":{"line":15,"column":17}}},"2":{"name":"(anonymous_2)","line":23,"loc":{"start":{"line":23,"column":23},"end":{"line":23,"column":33}}},"3":{"name":"(anonymous_3)","line":33,"loc":{"start":{"line":33,"column":25},"end":{"line":33,"column":35}}},"4":{"name":"(anonymous_4)","line":43,"loc":{"start":{"line":43,"column":24},"end":{"line":43,"column":37}}},"5":{"name":"(anonymous_5)","line":52,"loc":{"start":{"line":52,"column":27},"end":{"line":52,"column":40}}},"6":{"name":"(anonymous_6)","line":62,"loc":{"start":{"line":62,"column":25},"end":{"line":62,"column":35}}},"7":{"name":"(anonymous_7)","line":68,"loc":{"start":{"line":68,"column":21},"end":{"line":68,"column":35}}},"8":{"name":"(anonymous_8)","line":73,"loc":{"start":{"line":73,"column":24},"end":{"line":73,"column":37}}},"9":{"name":"(anonymous_9)","line":78,"loc":{"start":{"line":78,"column":24},"end":{"line":78,"column":37}}}},"statementMap":{"1":{"start":{"line":3,"column":0},"end":{"line":3,"column":49}},"2":{"start":{"line":5,"column":0},"end":{"line":5,"column":50}},"3":{"start":{"line":6,"column":0},"end":{"line":6,"column":29}},"4":{"start":{"line":7,"column":0},"end":{"line":7,"column":30}},"5":{"start":{"line":8,"column":0},"end":{"line":8,"column":21}},"6":{"start":{"line":9,"column":0},"end":{"line":9,"column":27}},"7":{"start":{"line":10,"column":0},"end":{"line":10,"column":26}},"8":{"start":{"line":12,"column":0},"end":{"line":12,"column":21}},"9":{"start":{"line":15,"column":0},"end":{"line":19,"column":1}},"10":{"start":{"line":16,"column":2},"end":{"line":16,"column":18}},"11":{"start":{"line":17,"column":2},"end":{"line":17,"column":18}},"12":{"start":{"line":18,"column":2},"end":{"line":18,"column":27}},"13":{"start":{"line":21,"column":0},"end":{"line":21,"column":32}},"14":{"start":{"line":23,"column":0},"end":{"line":31,"column":2}},"15":{"start":{"line":24,"column":2},"end":{"line":24,"column":31}},"16":{"start":{"line":25,"column":2},"end":{"line":30,"column":3}},"17":{"start":{"line":26,"column":4},"end":{"line":26,"column":52}},"18":{"start":{"line":28,"column":4},"end":{"line":28,"column":50}},"19":{"start":{"line":29,"column":4},"end":{"line":29,"column":37}},"20":{"start":{"line":33,"column":0},"end":{"line":41,"column":2}},"21":{"start":{"line":34,"column":2},"end":{"line":34,"column":31}},"22":{"start":{"line":35,"column":2},"end":{"line":40,"column":3}},"23":{"start":{"line":36,"column":4},"end":{"line":36,"column":53}},"24":{"start":{"line":38,"column":4},"end":{"line":38,"column":50}},"25":{"start":{"line":39,"column":4},"end":{"line":39,"column":39}},"26":{"start":{"line":43,"column":0},"end":{"line":50,"column":2}},"27":{"start":{"line":44,"column":2},"end":{"line":49,"column":3}},"28":{"start":{"line":45,"column":4},"end":{"line":45,"column":33}},"29":{"start":{"line":47,"column":4},"end":{"line":47,"column":61}},"30":{"start":{"line":48,"column":4},"end":{"line":48,"column":36}},"31":{"start":{"line":52,"column":0},"end":{"line":60,"column":2}},"32":{"start":{"line":53,"column":2},"end":{"line":59,"column":3}},"33":{"start":{"line":54,"column":4},"end":{"line":54,"column":44}},"34":{"start":{"line":55,"column":4},"end":{"line":55,"column":62}},"35":{"start":{"line":57,"column":4},"end":{"line":57,"column":61}},"36":{"start":{"line":58,"column":4},"end":{"line":58,"column":39}},"37":{"start":{"line":62,"column":0},"end":{"line":91,"column":2}},"38":{"start":{"line":63,"column":2},"end":{"line":65,"column":3}},"39":{"start":{"line":64,"column":4},"end":{"line":64,"column":11}},"40":{"start":{"line":67,"column":2},"end":{"line":67,"column":18}},"41":{"start":{"line":68,"column":2},"end":{"line":89,"column":5}},"42":{"start":{"line":69,"column":4},"end":{"line":69,"column":17}},"43":{"start":{"line":70,"column":4},"end":{"line":70,"column":44}},"44":{"start":{"line":71,"column":4},"end":{"line":87,"column":5}},"45
[...]
:101,"column":12},"end":{"line":101,"column":40}},"51":{"start":{"line":102,"column":12},"end":{"line":102,"column":60}},"52":{"start":{"line":103,"column":12},"end":{"line":103,"column":31}},"53":{"start":{"line":106,"column":12},"end":{"line":106,"column":74}},"54":{"start":{"line":107,"column":12},"end":{"line":107,"column":47}},"55":{"start":{"line":111,"column":8},"end":{"line":111,"column":32}},"56":{"start":{"line":112,"column":8},"end":{"line":112,"column":25}},"57":{"start":{"line":121,"column":0},"end":{"line":121,"column":25}}},"branchMap":{"1":{"line":27,"type":"if","locations":[{"start":{"line":27,"column":2},"end":{"line":27,"column":2}},{"start":{"line":27,"column":2},"end":{"line":27,"column":2}}]},"2":{"line":44,"type":"if","locations":[{"start":{"line":44,"column":2},"end":{"line":44,"column":2}},{"start":{"line":44,"column":2},"end":{"line":44,"column":2}}]},"3":{"line":47,"type":"if","locations":[{"start":{"line":47,"column":2},"end":{"line":47,"column":2}},{"start":{"line":47,"column":2},"end":{"line":47,"column":2}}]},"4":{"line":54,"type":"if","locations":[{"start":{"line":54,"column":2},"end":{"line":54,"column":2}},{"start":{"line":54,"column":2},"end":{"line":54,"column":2}}]},"5":{"line":70,"type":"if","locations":[{"start":{"line":70,"column":2},"end":{"line":70,"column":2}},{"start":{"line":70,"column":2},"end":{"line":70,"column":2}}]},"6":{"line":77,"type":"if","locations":[{"start":{"line":77,"column":4},"end":{"line":77,"column":4}},{"start":{"line":77,"column":4},"end":{"line":77,"column":4}}]},"7":{"line":96,"type":"if","locations":[{"start":{"line":96,"column":8},"end":{"line":96,"column":8}},{"start":{"line":96,"column":8},"end":{"line":96,"column":8}}]},"8":{"line":100,"type":"if","locations":[{"start":{"line":100,"column":10},"end":{"line":100,"column":10}},{"start":{"line":100,"column":10},"end":{"line":100,"column":10}}]}},"code":["'use strict';","","var stream, util, env, Twit, t, request, _;","","stream  = require('stream');","util    = require('util');","env     = require('../../config/environment_vars');","Twit    = require('twit');","request = require('request');","_       = require('lodash');","","/* jshint camelcase:false */","try {","  t = new Twit({","    consumer_key:         env.TWITTER_CONSUMER_KEY,","    consumer_secret:      env.TWITTER_CONSUMER_SECRET,","    access_token:         env.TWITTER_ACCESS_TOKEN,","    access_token_secret:  env.TWITTER_ACCESS_TOKEN_SECRET","  });","} catch(e){","","}","","","function Twitter(image){","  /* jshint validthis:true */","  if (!(this instanceof Twitter)){","    return new Twitter(image);","  }","  stream.Readable.call(this, { objectMode : true });","  this.image = image;","  this.ended = false;","","  // set the expiry value to the shorter value","  this.image.expiry = env.IMAGE_EXPIRY_SHORT;","}","","util.inherits(Twitter, stream.Readable);","","Twitter.prototype._read = function(){","  var _this = this,","      profileId, queryString;","","  if ( this.ended ){ return; }","","  // pass through if there is an error on the image object","  if (this.image.isError()){","    this.ended = true;","    this.push(this.image);","    return this.push(null);","  }","","  // pass through the stream with an error if the twit library didnt start","  if (!t){","    this.image.error = new Error('Need valid twitter credentials');","    this.push(this.image);","    return this.push(null);","  }","","  var endStream = function(){","    _this.ended = true;","    _this.push(_this.image);","    _this.push(null);","  };","","  this.image.log.time('twitter');","","  profileId = this.image.image.split('.')[0];","","  if (_.isNaN(profileId * 1)){","    queryString = {screen_name: profileId};","  } else {","    queryString = {user_id: profileId};","  }","","  t.get('users/show', queryString, function(err, data){","    if (err){","      _this.image.error = new Error(err);","      endStream();","    }","    else {","      /* jshint camelcase:false */","      var imageUrl = data.profile_image_url","        .replace('_normal', '')","        .replace('_bigger', '')","        .replace('_mini', '');","","      var opts = {","        url: imageUrl,","        encoding: null","      };","","      request(opts, function (err, response, body) {","        _this.image.log.timeEnd('twitter');","","        if (err) {","          _this.image.error = err;","        }","        else {","          if (response.statusCode === 200) {","            _this.image.contents = body;","            _this.image.originalContentLength = body.length;","            _this.ended = true;","          }","          else {","            _this.image.error = new Error('Twitter user image not found');","            _this.image.error.statusCode = 404;","          }","        }","","        _this.push(_this.image);","        _this.push(null);","      });","","    }","  });","","};","","","module.exports = Twitter;",""],"l":{"3":1,"5":1,"6":1,"7":1,"8":1,"9":1,"10":1,"13":1,"14":1,"25":1,"27":0,"28":0,"30":0,"31":0,"32":0,"35":0,"38":1,"40":1,"41":0,"44":0,"47":0,"48":0,"49":0,"50":0,"54":0,"55":0,"56":0,"57":0,"60":0,"61":0,"62":0,"63":0,"66":0,"68":0,"70":0,"71":0,"73":0,"76":0,"77":0,"78":0,"79":0,"83":0,"88":0,"93":0,"94":0,"96":0,"97":0,"100":0,"101":0,"102":0,"103":0,"106":0,"107":0,"111":0,"112":0,"121":1}},"/home/travis/build/npmtest/node-npmtest-image-resizer/node_modules/image-resizer/src/streams/sources/vimeo.js":{"path":"/home/travis/build/npmtest/node-npmtest-image-resizer/node_modules/image-resizer/src/streams/sources/vimeo.js","s":{"1":1,"2":1,"3":1,"4":1,"5":1,"6":0,"7":0,"8":0,"9":0,"10":0,"11":0,"12":1,"13":1,"14":0,"15":0,"16":0,"17":0,"18":0,"19":0,"20":0,"21":0,"22":0,"23":0,"24":0,"25":0,"26":0,"27":0,"28":0,"29":0,"30":0,"31":0,"32":0,"33":0,"34":0,"35":0,"36":0,"37":0,"38":0,"39":0,"40":0,"41":0,"42":0,"43":0,"44":0,"45":0,"46":0,"47":0,"48":1},"b":{"1":[0,0],"2":[0,0],"3":[0,0],"4":[0,0],"5":[0,0],"6":[0,0]},"f":{"1":0,"2":0,"3":0,"4":0,"5":0},"fnMap":{"1":{"name":"Vimeo","line":9,"loc":{"start":{"line":9,"column":0},"end":{"line":9,"column":21}}},"2":{"name":"(anonymous_2)","line":24,"loc":{"start":{"line":24,"column":24},"end":{"line":24,"column":34}}},"3":{"name":"(anonymous_3)","line":37,"loc":{"start":{"line":37,"column":18},"end":{"line":37,"column":28}}},"4":{"name":"(anonymous_4)","line":47,"loc":{"start":{"line":47,"column":15},"end":{"line":47,"column":44}}},"5":{"name":"(anonymous_5)","line":64,"loc":{"start":{"line":64,"column":20},"end":{"line":64,"column":51}}}},"statementMap":{"1":{"start":{"line":3,"column":0},"end":{"line":3,"column":32}},"2":{"start":{"line":4,"column":0},"end":{"line":4,"column":30}},"3":{"start":{"line":5,"column":0},"end":{"line":5,"column":33}},"4":{"start":{"line":6,"column":0},"end":{"line":6,"column":55}},"5":{"start":{"line":9,"column":0},"end":{"line":20,"column":1}},"6":{"start":{"line":11,"column":2},"end":{"line":13,"column":3}},"7":{"start":{"line":12,"column":4},"end":{"line":12,"column":28}},"8":{"start":{"line":14,"column":2},"end":{"line":14,"column":52}},"9":{"start":{"line":15,"column":2},"end":{"line":15,"column":21}},"10":{"start":{"line":16,"column":2},"end":{"line":16,"column":21}},"11":{"start":{"line":19,"column":2},"end":{"line":19,"column":45}},"12":{"start":{"line":22,"column":0},"end":{"line":22,"column":38}},"13":{"start":{"line":24,"column":0},"end":{"line":89,"column":2}},"14":{"start":{"line":25,"column":2},"end":{"line":26,"column":19}},"15":{"start":{"line":28,"column":2},"end":{"line":28,"column":30}},"16":{"start":{"line":28,"column":21},"end":{"line":28,"column":28}},"17":{"start":{"line":31,"column":2},"end":{"line":35,"column":3}},"18":{"start":{"line":32,"column":4},"end":{"line":32,"column":22}},"19":{"start":{"line":33,"column":4},"end":{"line":33,"column":26}},"20":{"start":{"line":34,"column":4},"end":{"line":34,"column":27}},"21":{"start":{"line":37,"column":2},"end":{"line":41,"column":4}},"22":{"start":{"line":38,"column":4},"end":{"line":38,"column":23}},"23":{"start":{"line":39,"column":4},"end":{"line":39,"column":28}},"24":{"start":{"line":40,"column":4},"end":{"line":40,"column":21}},"25":{"start":{"line":43,"column":2},"end":{"line":43,"column":31}},"26":{"start":{"line":44,"column":2},"end":{"line":44,"column":43}},"27":{"start":{"line":45,"column":2},"end":{"line":45,"column":61}},"28":{"start":{"line":47,"column":2},"end":{"line":87,"column":5}},"29":{"start":{"line":48,"column":4},"end":{"line":86,"column":5}},"30":{"start":{"line":49,"column":6},"end":{"line":49,"column":41}},"31":{"start":{"line":50,"column":6},"end":{"line":50,"column":18}},"32":{"start":{"line":53,"column":6},"end":{"line":53,"column":34}},"33":{"start":{"line":56,"column":6},"end":{"line":56,"column":45}},"34":{"start":{"line":57,"column":6},"end":{"line":57,"column":50}},"35":{"start":{"line":59,"column":6},"end":{"line":62,"column":8}},"36":{"start":{"line":64,"column":6},"end":{"line":84,"column":9}},"37":{"start":{"line":65,"column":8},"end":{"line":65,"column":41}},"38":{"start":{"line":67,"column":8},"end":{"line":80,"column":9}},"39":{"start":{"line":68,"column":10},"end":{"line":68,"column":34}},"40":{"start":{"line":71,"column":10},"end":{"line":79,"column":11}},"41":{"start":{"line":72,"column":12},"end":{"line":72,"column":40}},"42":{"start":{"line":73,"column":12},"end":{"line":73,"column":60}},"43":{"start":{"line":74,"column":12},"end":{"line":74,"column":31}},"44":{"start":{"line":77,"column":12},"end":{"line":77,"column":67}},"45":{"start":{"line":78,"column":12},"end":{"line":78,"column":47}},"46":{"start":{"line":82,"column":8},"end":{"line":82,"column":32}},"47":{"start":{"line":83,"column":8},"end":{"line":83,"column":25}},"48":{"start":{"line":92,"column":0},"end":{"line":92,"column":23}}},"branchMap":{"1":{"line":11,"type":"if","locations":[{"start":{"line":11,"column":2},"end":{"line":11,"column":2}},{"start":{"line":11,"column":2},"end":{"line":11,"column":2}}]},"2":{"line":28,"type":"if","locations":[{"start":{"line":28,"column":2},"end":{"line":28,"column":2}},{"start":{"line":28,"column":2},"end":{"line":28,"column":2}}]},"3":{"line":31,"type":"if","locations":[{"start":{"line":31,"column":2},"end":{"line":31,"column":2}},{"start":{"line":31,"column":2},"end":{"line":31,"column":2}}]},"4":{"line":48,"type":"if","locations":[{"start":{"line":48,"column":4},"end":{"line":48,"column":4}},{"start":{"line":48,"column":4},"end":{"line":48,"column":4}}]},"5":{"line":67,"type":"if","locations":[{"start":{"line":67,"column":8},"end":{"line":67,"column":8}},{"start":{"line":67,"column":8},"end":{"line":67,"column":8}}]},"6":{"line":71,"type":"if","locations":[{"start":{"line":71,"column":10},"end":{"line":71,"column":10}},{"start":{"line":71,"column":10},"end":{"line":71,"column":10}}]}},"code":["'use strict';","","var stream  = require('stream');","var util    = require('util');","var request = require('request');","var env     = require('../../config/environment_vars');","","","function Vimeo(image){","  /* jshint validthis:true */","  if (!(this instanceof Vimeo)){","    return new Vimeo(image);","  }","  stream.Readable.call(this, { objectMode : true });","  this.image = image;","  this.ended = false;","","  // set the expiry value to the shorter value","  this.image.expiry = env.IMAGE_EXPIRY_SHORT;","}","","util.inherits(Vimeo, stream.Readable);","","Vimeo.prototype._read = function(){","  var _this = this,","      url, videoId;","","  if ( this.ended ){ return; }","","  // pass through if there is an error on the image object","  if (this.image.isError()){","    this.ended = true;","    this.push(this.image);","    return this.push(null);","  }","","  var endStream = function(){","    _this.ended = true;","    _this.push(_this.image);","    _this.push(null);","  };","","  this.image.log.time('vimeo');","  videoId = this.image.image.split('.')[0];","  url = 'http://vimeo.com/api/v2/video/' + videoId + '.json';","","  request(url, function(err, response, body){","    if (err){","      _this.image.error = new Error(err);","      endStream();","    }","    else {","      var json = JSON.parse(body);","","      /* jshint camelcase:false */","      var imageUrl = json[0].thumbnail_large;","      imageUrl = imageUrl.replace('_640.jpg', '');","","      var opts = {","        url: imageUrl,","        encoding: null","      };","","      request(opts, function (err, response, body) {","        _this.image.log.timeEnd('vimeo');","","        if (err) {","          _this.image.error = err;","        }","        else {","          if (response.statusCode === 200) {","            _this.image.contents = body;","            _this.image.originalContentLength = body.length;","            _this.ended = true;","          }","          else {","            _this.image.error = new Error('Vimeo image not found');","            _this.image.error.statusCode = 404;","          }","        }","","        _this.push(_this.image);","        _this.push(null);","      });","","    }","  });","","};","","","module.exports = Vimeo;",""],"l":{"3":1,"4":1,"5":1,"6":1,"9":1,"11":0,"12":0,"14":0,"15":0,"16":0,"19":0,"22":1,"24":1,"25":0,"28":0,"31":0,"32":0,"33":0,"34":0,"37":0,"38":0,"39":0,"40":0,"43":0,"44":0,"45":0,"47":0,"48":0,"49":0,"50":0,"53":0,"56":0,"57":0,"59":0,"64":0,"65":0,"67":0,"68":0,"71":0,"72":0,"73":0,"74":0,"77":0,"78":0,"82":0,"83":0,"92":1}},"/home/travis/build/npmtest/node-npmtest-image-resizer/node_modules/image-resizer/src/streams/sources/youtube.js":{"path":"/home/travis/build/npmtest/node-npmtest-image-resizer/node_modules/image-resizer/src/streams/sources/youtube.js","s":{"1":1,"2":1,"3":1,"4":1,"5":1,"6":1,"7":0,"8":0,"9":0,"10":0,"11":0,"12":0,"13":1,"14":1,"15":0,"16":0,"17":0,"18":0,"19":0,"20":0,"21":0,"22":0,"23":0,"24":0,"25":0,"26":0,"27":0,"28":0,"29":0,"30":0,"31":0,"32":0,"33":0,"34":0,"35":0,"36":0,"37":0,"38":1},"b":{"1":[0,0],"2":[0,0],"3":[0,0],"4":[0,0],"5":[0,0]},"f":{"1":0,"2":0,"3":0},"fnMap":{"1":{"name":"Youtube","line":11,"loc":{"start":{"line":11,"column":0},"end":{"line":11,"column":23}}},"2":{"name":"(anonymous_2)","line":26,"loc":{"start":{"line":26,"column":26},"end":{"line":26,"column":36}}},"3":{"name":"(anonymous_3)","line":49,"loc":{"start":{"line":49,"column":16},"end":{"line":49,"column":47}}}},"statementMap":{"1":{"start":{"line":3,"column":0},"end":{"line":3,"column":31}},"2":{"start":{"line":5,"column":0},"end":{"line":5,"column":28}},"3":{"start":{"line":6,"column":0},"end":{"line":6,"column":26}},"4":{"start":{"line":7,"column":0},"end":{"line":7,"column":29}},"5":{"start":{"line":8,"column":0},"end":{"line":8,"column":51}},"6":{"start":{"line":11,"column":0},"end":{"line":22,"column":1}},"7":{"start":{"line":13,"column":2},"end":{"line":15,"column":3}},"8":{"start":{"line":14,"column":4},"end":{"line":14,"column":30}},"9":{"start":{"line":16,"column":2},"end":{"line":16,"column":52}},"10":{"start":{"line":17,"column":2},"end":{"line":17,"column":21}},"11":{"start":{"line":18,"column":2},"end":{"line":18,"column":21}},"12":{"start":{"line":21,"column":2},"end":{"line":21,"column":45}},"13":{"start":{"line":24,"column":0},"end":{"line":24,"column":40}},"14":{"start":{"line":26,"column":0},"end":{"line":71,"column":2}},"15":{"start":{"line":27,"column":2},"end":{"line":28,"column":19}},"16":{"start":{"line":30,"column":2},"end":{"line":30,"column":30}},"17":{"start":{"line":30,"column":21},"end":{"line":30,"column":28}},"18":{"start":{"line":33,"column":2},"end":{"line":37,"column":3}},"19":{"start":{"line":34,"column":4},"end":{"line":34,"column":22}},"20":{"start":{"line":35,"column":4},"end":{"line":35,"column":26}},"21":{"start":{"line":36,"column":4},"end":{"line":36,"column":27}},"22":{"start":{"line":39,"column":2},"end":{"line":39,"column":43}},"23":{"start":{"line":40,"column":2},"end":{"line":40,"column":66}},"24":{"start":{"line":42,"column":2},"end":{"line":42,"column":33}},"25":{"start":{"line":44,"column":2},"end":{"line":47,"column":4}},"26":{"start":{"line":49,"column":2},"end":{"line":69,"column":5}},"27":{"start":{"line":50,"column":4},"end":{"line":50,"column":39}},"28":{"start":{"line":52,"column":4},"end":{"line":65,"column":5}},"29":{"start":{"line":53,"column":6},"end":{"line":53,"column":30}},"30":{"start":{"line":56,"column":6},"end":{"line":64,"column":7}},"31":{"start":{"line":57,"column":8},"end":{"line":57,"column":36}},"32":{"start":{"line":58,"column":8},"end":{"line":58,"column":56}},"33":{"start":{"line":59,"column":8},"end":{"line":59,"column":27}},"34":{"start":{"line":62,"column":8},"end":{"line":62,"column":65}},"35":{"start":{"line":63,"column":8},"end":{"line":63,"column":43}},"36":{"start":{"line":67,"column":4},"end":{"line":67,"column":28}},"37":{"start":{"line":68,"column":4},"end":{"line":68,"column":21}},"38":{"start":{"line":74,"column":0},"end":{"line":74,"column":25}}},"branchMap":{"1":{"line":13,"type":"if","locations":[{"start":{"line":13,"column":2},"end":{"line":13,"column":2}},{"start":{"line":13,"column":2},"end":{"line":13,"column":2}}]},"2":{"line":30,"type":"if","locations":[{"start":{"line":30,"column":2},"end":{"line":30,"column":2}},{"start":{"line":30,"column":2},"end":{"line":30,"column":2}}]},"3":{"line":33,"type":"if","locations":[{"start":{"line":33,"column":2},"end":{"line":33,"column":2}},{"start":{"line":33,"column":2},"end":{"line":33,"column":2}}]},"4":{"line":52,"type":"if","locations":[{"start":{"line":52,"column":4},"end":{"line":52,"column":4}},{"start":{"line":52,"column":4},"end":{"line":52,"column":4}}]},"5":{"line":56,"type":"if","locations":[{"start":{"line":56,"column":6},"end":{"line":56,"column":6}},{"start":{"line":56,"column":6},"end":{"line":56,"column":6}}]}},"code":["'use strict';","","var stream, util, request, env;","","stream  = require('stream');","util    = require('util');","request = require('request');","env     = require('../../config/environment_vars');","","","function Youtube(image){","  /* jshint validthis:true */","  if (!(this instanceof Youtube)){","    return new Youtube(image);","  }","  stream.Readable.call(this, { objectMode : true });","  this.image = image;","  this.ended = false;","","  // set the expiry value to the shorter value","  this.image.expiry = env.IMAGE_EXPIRY_SHORT;","}","","util.inherits(Youtube, stream.Readable);","","Youtube.prototype._read = function(){","  var _this = this,","      url, videoId;","","  if ( this.ended ){ return; }","","  // pass through if there is an error on the image object","  if (this.image.isError()){","    this.ended = true;","    this.push(this.image);","    return this.push(null);","  }","","  videoId = this.image.image.split('.')[0];","  url = 'http://img.youtube.com/vi/' + videoId + '/hqdefault.jpg';","","  this.image.log.time('youtube');","","  var opts = {","    url: url,","    encoding: null","  };","","  request(opts, function (err, response, body) {","    _this.image.log.timeEnd('youtube');","","    if (err) {","      _this.image.error = err;","    }","    else {","      if (response.statusCode === 200) {","        _this.image.contents = body;","        _this.image.originalContentLength = body.length;","        _this.ended = true;","      }","      else {","        _this.image.error = new Error('Youtube image not found');","        _this.image.error.statusCode = 404;","      }","    }","","    _this.push(_this.image);","    _this.push(null);","  });","","};","","","module.exports = Youtube;","","// http://stackoverflow.com/questions/2068344/how-do-i-get-a-youtube-video-thumbnail-from-the-youtube-api","","// you can also get json data about a Youtube vid like this:","//  - http://gdata.youtube.com/feeds/api/videos/lK1vPu6U2B0?v=2&alt=jsonc",""],"l":{"3":1,"5":1,"6":1,"7":1,"8":1,"11":1,"13":0,"14":0,"16":0,"17":0,"18":0,"21":0,"24":1,"26":1,"27":0,"30":0,"33":0,"34":0,"35":0,"36":0,"39":0,"40":0,"42":0,"44":0,"49":0,"50":0,"52":0,"53":0,"56":0,"57":0,"58":0,"59":0,"62":0,"63":0,"67":0,"68":0,"74":1}}}